<?xml version="1.0" encoding="UTF-8"?>
<testsuite name="TestMitra_PageFactory_Annotation" tests="1" skipped="0" failures="1" errors="0" timestamp="2020-08-27T02:11:17" hostname="Mohammads-MacBook-Pro-2.local" time="6.326">
  <properties/>
  <testcase name="testMitra" classname="TestMitra_PageFactory_Annotation" time="6.326">
    <failure message="java.lang.StackOverflowError" type="java.lang.StackOverflowError">java.lang.StackOverflowError
	at HomePageMitra_PageFactory_Annotation.&lt;init&gt;(HomePageMitra_PageFactory_Annotation.java:15)
	at HomePageMitra_PageFactory_Annotation.&lt;init&gt;(HomePageMitra_PageFactory_Annotation.java:15)
	at HomePageMitra_PageFactory_Annotation.&lt;init&gt;(HomePageMitra_PageFactory_Annotation.java:15)
	at HomePageMitra_PageFactory_Annotation.&lt;init&gt;(HomePageMitra_PageFactory_Annotation.java:15)
	at HomePageMitra_PageFactory_Annotation.&lt;init&gt;(HomePageMitra_PageFactory_Annotation.java:15)
	at HomePageMitra_PageFactory_Annotation.&lt;init&gt;(HomePageMitra_PageFactory_Annotation.java:15)
	at HomePageMitra_PageFactory_Annotation.&lt;init&gt;(HomePageMitra_PageFactory_Annotation.java:15)
	at HomePageMitra_PageFactory_Annotation.&lt;init&gt;(HomePageMitra_PageFactory_Annotation.java:15)
	at HomePageMitra_PageFactory_Annotation.&lt;init&gt;(HomePageMitra_PageFactory_Annotation.java:15)
	at HomePageMitra_PageFactory_Annotation.&lt;init&gt;(HomePageMitra_PageFactory_Annotation.java:15)
	at HomePageMitra_PageFactory_Annotation.&lt;init&gt;(HomePageMitra_PageFactory_Annotation.java:15)
	at HomePageMitra_PageFactory_Annotation.&lt;init&gt;(HomePageMitra_PageFactory_Annotation.java:15)
	at HomePageMitra_PageFactory_Annotation.&lt;init&gt;(HomePageMitra_PageFactory_Annotation.java:15)
	at HomePageMitra_PageFactory_Annotation.&lt;init&gt;(HomePageMitra_PageFactory_Annotation.java:15)
	at HomePageMitra_PageFactory_Annotation.&lt;init&gt;(HomePageMitra_PageFactory_Annotation.java:15)
	at HomePageMitra_PageFactory_Annotation.&lt;init&gt;(HomePageMitra_PageFactory_Annotation.java:15)
	at HomePageMitra_PageFactory_Annotation.&lt;init&gt;(HomePageMitra_PageFactory_Annotation.java:15)
	at HomePageMitra_PageFactory_Annotation.&lt;init&gt;(HomePageMitra_PageFactory_Annotation.java:15)
	at HomePageMitra_PageFactory_Annotation.&lt;init&gt;(HomePageMitra_PageFactory_Annotation.java:15)
	at HomePageMitra_PageFactory_Annotation.&lt;init&gt;(HomePageMitra_PageFactory_Annotation.java:15)
	at HomePageMitra_PageFactory_Annotation.&lt;init&gt;(HomePageMitra_PageFactory_Annotation.java:15)
	at HomePageMitra_PageFactory_Annotation.&lt;init&gt;(HomePageMitra_PageFactory_Annotation.java:15)
	at HomePageMitra_PageFactory_Annotation.&lt;init&gt;(HomePageMitra_PageFactory_Annotation.java:15)
	at HomePageMitra_PageFactory_Annotation.&lt;init&gt;(HomePageMitra_PageFactory_Annotation.java:15)
	at HomePageMitra_PageFactory_Annotation.&lt;init&gt;(HomePageMitra_PageFactory_Annotation.java:15)
	at HomePageMitra_PageFactory_Annotation.&lt;init&gt;(HomePageMitra_PageFactory_Annotation.java:15)
	at HomePageMitra_PageFactory_Annotation.&lt;init&gt;(HomePageMitra_PageFactory_Annotation.java:15)
	at HomePageMitra_PageFactory_Annotation.&lt;init&gt;(HomePageMitra_PageFactory_Annotation.java:15)
	at HomePageMitra_PageFactory_Annotation.&lt;init&gt;(HomePageMitra_PageFactory_Annotation.java:15)
	at HomePageMitra_PageFactory_Annotation.&lt;init&gt;(HomePageMitra_PageFactory_Annotation.java:15)
	at HomePageMitra_PageFactory_Annotation.&lt;init&gt;(HomePageMitra_PageFactory_Annotation.java:15)
	at HomePageMitra_PageFactory_Annotation.&lt;init&gt;(HomePageMitra_PageFactory_Annotation.java:15)
	at HomePageMitra_PageFactory_Annotation.&lt;init&gt;(HomePageMitra_PageFactory_Annotation.java:15)
	at HomePageMitra_PageFactory_Annotation.&lt;init&gt;(HomePageMitra_PageFactory_Annotation.java:15)
	at HomePageMitra_PageFactory_Annotation.&lt;init&gt;(HomePageMitra_PageFactory_Annotation.java:15)
	at HomePageMitra_PageFactory_Annotation.&lt;init&gt;(HomePageMitra_PageFactory_Annotation.java:15)
	at HomePageMitra_PageFactory_Annotation.&lt;init&gt;(HomePageMitra_PageFactory_Annotation.java:15)
	at HomePageMitra_PageFactory_Annotation.&lt;init&gt;(HomePageMitra_PageFactory_Annotation.java:15)
	at HomePageMitra_PageFactory_Annotation.&lt;init&gt;(HomePageMitra_PageFactory_Annotation.java:15)
	at HomePageMitra_PageFactory_Annotation.&lt;init&gt;(HomePageMitra_PageFactory_Annotation.java:15)
	at HomePageMitra_PageFactory_Annotation.&lt;init&gt;(HomePageMitra_PageFactory_Annotation.java:15)
	at HomePageMitra_PageFactory_Annotation.&lt;init&gt;(HomePageMitra_PageFactory_Annotation.java:15)
	at HomePageMitra_PageFactory_Annotation.&lt;init&gt;(HomePageMitra_PageFactory_Annotation.java:15)
	at HomePageMitra_PageFactory_Annotation.&lt;init&gt;(HomePageMitra_PageFactory_Annotation.java:15)
	at HomePageMitra_PageFactory_Annotation.&lt;init&gt;(HomePageMitra_PageFactory_Annotation.java:15)
	at HomePageMitra_PageFactory_Annotation.&lt;init&gt;(HomePageMitra_PageFactory_Annotation.java:15)
	at HomePageMitra_PageFactory_Annotation.&lt;init&gt;(HomePageMitra_PageFactory_Annotation.java:15)
	at HomePageMitra_PageFactory_Annotation.&lt;init&gt;(HomePageMitra_PageFactory_Annotation.java:15)
	at HomePageMitra_PageFactory_Annotation.&lt;init&gt;(HomePageMitra_PageFactory_Annotation.java:15)
	at HomePageMitra_PageFactory_Annotation.&lt;init&gt;(HomePageMitra_PageFactory_Annotation.java:15)
	at HomePageMitra_PageFactory_Annotation.&lt;init&gt;(HomePageMitra_PageFactory_Annotation.java:15)
	at HomePageMitra_PageFactory_Annotation.&lt;init&gt;(HomePageMitra_PageFactory_Annotation.java:15)
	at HomePageMitra_PageFactory_Annotation.&lt;init&gt;(HomePageMitra_PageFactory_Annotation.java:15)
	at HomePageMitra_PageFactory_Annotation.&lt;init&gt;(HomePageMitra_PageFactory_Annotation.java:15)
	at HomePageMitra_PageFactory_Annotation.&lt;init&gt;(HomePageMitra_PageFactory_Annotation.java:15)
	at HomePageMitra_PageFactory_Annotation.&lt;init&gt;(HomePageMitra_PageFactory_Annotation.java:15)
	at HomePageMitra_PageFactory_Annotation.&lt;init&gt;(HomePageMitra_PageFactory_Annotation.java:15)
	at HomePageMitra_PageFactory_Annotation.&lt;init&gt;(HomePageMitra_PageFactory_Annotation.java:15)
	at HomePageMitra_PageFactory_Annotation.&lt;init&gt;(HomePageMitra_PageFactory_Annotation.java:15)
	at HomePageMitra_PageFactory_Annotation.&lt;init&gt;(HomePageMitra_PageFactory_Annotation.java:15)
	at HomePageMitra_PageFactory_Annotation.&lt;init&gt;(HomePageMitra_PageFactory_Annotation.java:15)
	at HomePageMitra_PageFactory_Annotation.&lt;init&gt;(HomePageMitra_PageFactory_Annotation.java:15)
	at HomePageMitra_PageFactory_Annotation.&lt;init&gt;(HomePageMitra_PageFactory_Annotation.java:15)
	at HomePageMitra_PageFactory_Annotation.&lt;init&gt;(HomePageMitra_PageFactory_Annotation.java:15)
	at HomePageMitra_PageFactory_Annotation.&lt;init&gt;(HomePageMitra_PageFactory_Annotation.java:15)
	at HomePageMitra_PageFactory_Annotation.&lt;init&gt;(HomePageMitra_PageFactory_Annotation.java:15)
	at HomePageMitra_PageFactory_Annotation.&lt;init&gt;(HomePageMitra_PageFactory_Annotation.java:15)
	at HomePageMitra_PageFactory_Annotation.&lt;init&gt;(HomePageMitra_PageFactory_Annotation.java:15)
	at HomePageMitra_PageFactory_Annotation.&lt;init&gt;(HomePageMitra_PageFactory_Annotation.java:15)
	at HomePageMitra_PageFactory_Annotation.&lt;init&gt;(HomePageMitra_PageFactory_Annotation.java:15)
	at HomePageMitra_PageFactory_Annotation.&lt;init&gt;(HomePageMitra_PageFactory_Annotation.java:15)
	at HomePageMitra_PageFactory_Annotation.&lt;init&gt;(HomePageMitra_PageFactory_Annotation.java:15)
	at HomePageMitra_PageFactory_Annotation.&lt;init&gt;(HomePageMitra_PageFactory_Annotation.java:15)
	at HomePageMitra_PageFactory_Annotation.&lt;init&gt;(HomePageMitra_PageFactory_Annotation.java:15)
	at HomePageMitra_PageFactory_Annotation.&lt;init&gt;(HomePageMitra_PageFactory_Annotation.java:15)
	at HomePageMitra_PageFactory_Annotation.&lt;init&gt;(HomePageMitra_PageFactory_Annotation.java:15)
	at HomePageMitra_PageFactory_Annotation.&lt;init&gt;(HomePageMitra_PageFactory_Annotation.java:15)
	at HomePageMitra_PageFactory_Annotation.&lt;init&gt;(HomePageMitra_PageFactory_Annotation.java:15)
	at HomePageMitra_PageFactory_Annotation.&lt;init&gt;(HomePageMitra_PageFactory_Annotation.java:15)
	at HomePageMitra_PageFactory_Annotation.&lt;init&gt;(HomePageMitra_PageFactory_Annotation.java:15)
	at HomePageMitra_PageFactory_Annotation.&lt;init&gt;(HomePageMitra_PageFactory_Annotation.java:15)
	at HomePageMitra_PageFactory_Annotation.&lt;init&gt;(HomePageMitra_PageFactory_Annotation.java:15)
	at HomePageMitra_PageFactory_Annotation.&lt;init&gt;(HomePageMitra_PageFactory_Annotation.java:15)
	at HomePageMitra_PageFactory_Annotation.&lt;init&gt;(HomePageMitra_PageFactory_Annotation.java:15)
	at HomePageMitra_PageFactory_Annotation.&lt;init&gt;(HomePageMitra_PageFactory_Annotation.java:15)
	at HomePageMitra_PageFactory_Annotation.&lt;init&gt;(HomePageMitra_PageFactory_Annotation.java:15)
	at HomePageMitra_PageFactory_Annotation.&lt;init&gt;(HomePageMitra_PageFactory_Annotation.java:15)
	at HomePageMitra_PageFactory_Annotation.&lt;init&gt;(HomePageMitra_PageFactory_Annotation.java:15)
	at HomePageMitra_PageFactory_Annotation.&lt;init&gt;(HomePageMitra_PageFactory_Annotation.java:15)
	at HomePageMitra_PageFactory_Annotation.&lt;init&gt;(HomePageMitra_PageFactory_Annotation.java:15)
	at HomePageMitra_PageFactory_Annotation.&lt;init&gt;(HomePageMitra_PageFactory_Annotation.java:15)
	at HomePageMitra_PageFactory_Annotation.&lt;init&gt;(HomePageMitra_PageFactory_Annotation.java:15)
	at HomePageMitra_PageFactory_Annotation.&lt;init&gt;(HomePageMitra_PageFactory_Annotation.java:15)
	at HomePageMitra_PageFactory_Annotation.&lt;init&gt;(HomePageMitra_PageFactory_Annotation.java:15)
	at HomePageMitra_PageFactory_Annotation.&lt;init&gt;(HomePageMitra_PageFactory_Annotation.java:15)
	at HomePageMitra_PageFactory_Annotation.&lt;init&gt;(HomePageMitra_PageFactory_Annotation.java:15)
	at HomePageMitra_PageFactory_Annotation.&lt;init&gt;(HomePageMitra_PageFactory_Annotation.java:15)
	at HomePageMitra_PageFactory_Annotation.&lt;init&gt;(HomePageMitra_PageFactory_Annotation.java:15)
	at HomePageMitra_PageFactory_Annotation.&lt;init&gt;(HomePageMitra_PageFactory_Annotation.java:15)
	at HomePageMitra_PageFactory_Annotation.&lt;init&gt;(HomePageMitra_PageFactory_Annotation.java:15)
	at HomePageMitra_PageFactory_Annotation.&lt;init&gt;(HomePageMitra_PageFactory_Annotation.java:15)
	at HomePageMitra_PageFactory_Annotation.&lt;init&gt;(HomePageMitra_PageFactory_Annotation.java:15)
	at HomePageMitra_PageFactory_Annotation.&lt;init&gt;(HomePageMitra_PageFactory_Annotation.java:15)
	at HomePageMitra_PageFactory_Annotation.&lt;init&gt;(HomePageMitra_PageFactory_Annotation.java:15)
	at HomePageMitra_PageFactory_Annotation.&lt;init&gt;(HomePageMitra_PageFactory_Annotation.java:15)
	at HomePageMitra_PageFactory_Annotation.&lt;init&gt;(HomePageMitra_PageFactory_Annotation.java:15)
	at HomePageMitra_PageFactory_Annotation.&lt;init&gt;(HomePageMitra_PageFactory_Annotation.java:15)
	at HomePageMitra_PageFactory_Annotation.&lt;init&gt;(HomePageMitra_PageFactory_Annotation.java:15)
	at HomePageMitra_PageFactory_Annotation.&lt;init&gt;(HomePageMitra_PageFactory_Annotation.java:15)
	at HomePageMitra_PageFactory_Annotation.&lt;init&gt;(HomePageMitra_PageFactory_Annotation.java:15)
	at HomePageMitra_PageFactory_Annotation.&lt;init&gt;(HomePageMitra_PageFactory_Annotation.java:15)
	at HomePageMitra_PageFactory_Annotation.&lt;init&gt;(HomePageMitra_PageFactory_Annotation.java:15)
	at HomePageMitra_PageFactory_Annotation.&lt;init&gt;(HomePageMitra_PageFactory_Annotation.java:15)
	at HomePageMitra_PageFactory_Annotation.&lt;init&gt;(HomePageMitra_PageFactory_Annotation.java:15)
	at HomePageMitra_PageFactory_Annotation.&lt;init&gt;(HomePageMitra_PageFactory_Annotation.java:15)
	at HomePageMitra_PageFactory_Annotation.&lt;init&gt;(HomePageMitra_PageFactory_Annotation.java:15)
	at HomePageMitra_PageFactory_Annotation.&lt;init&gt;(HomePageMitra_PageFactory_Annotation.java:15)
	at HomePageMitra_PageFactory_Annotation.&lt;init&gt;(HomePageMitra_PageFactory_Annotation.java:15)
	at HomePageMitra_PageFactory_Annotation.&lt;init&gt;(HomePageMitra_PageFactory_Annotation.java:15)
	at HomePageMitra_PageFactory_Annotation.&lt;init&gt;(HomePageMitra_PageFactory_Annotation.java:15)
	at HomePageMitra_PageFactory_Annotation.&lt;init&gt;(HomePageMitra_PageFactory_Annotation.java:15)
	at HomePageMitra_PageFactory_Annotation.&lt;init&gt;(HomePageMitra_PageFactory_Annotation.java:15)
	at HomePageMitra_PageFactory_Annotation.&lt;init&gt;(HomePageMitra_PageFactory_Annotation.java:15)
	at HomePageMitra_PageFactory_Annotation.&lt;init&gt;(HomePageMitra_PageFactory_Annotation.java:15)
	at HomePageMitra_PageFactory_Annotation.&lt;init&gt;(HomePageMitra_PageFactory_Annotation.java:15)
	at HomePageMitra_PageFactory_Annotation.&lt;init&gt;(HomePageMitra_PageFactory_Annotation.java:15)
	at HomePageMitra_PageFactory_Annotation.&lt;init&gt;(HomePageMitra_PageFactory_Annotation.java:15)
	at HomePageMitra_PageFactory_Annotation.&lt;init&gt;(HomePageMitra_PageFactory_Annotation.java:15)
	at HomePageMitra_PageFactory_Annotation.&lt;init&gt;(HomePageMitra_PageFactory_Annotation.java:15)
	at HomePageMitra_PageFactory_Annotation.&lt;init&gt;(HomePageMitra_PageFactory_Annotation.java:15)
	at HomePageMitra_PageFactory_Annotation.&lt;init&gt;(HomePageMitra_PageFactory_Annotation.java:15)
	at HomePageMitra_PageFactory_Annotation.&lt;init&gt;(HomePageMitra_PageFactory_Annotation.java:15)
	at HomePageMitra_PageFactory_Annotation.&lt;init&gt;(HomePageMitra_PageFactory_Annotation.java:15)
	at HomePageMitra_PageFactory_Annotation.&lt;init&gt;(HomePageMitra_PageFactory_Annotation.java:15)
	at HomePageMitra_PageFactory_Annotation.&lt;init&gt;(HomePageMitra_PageFactory_Annotation.java:15)
	at HomePageMitra_PageFactory_Annotation.&lt;init&gt;(HomePageMitra_PageFactory_Annotation.java:15)
	at HomePageMitra_PageFactory_Annotation.&lt;init&gt;(HomePageMitra_PageFactory_Annotation.java:15)
	at HomePageMitra_PageFactory_Annotation.&lt;init&gt;(HomePageMitra_PageFactory_Annotation.java:15)
	at HomePageMitra_PageFactory_Annotation.&lt;init&gt;(HomePageMitra_PageFactory_Annotation.java:15)
	at HomePageMitra_PageFactory_Annotation.&lt;init&gt;(HomePageMitra_PageFactory_Annotation.java:15)
	at HomePageMitra_PageFactory_Annotation.&lt;init&gt;(HomePageMitra_PageFactory_Annotation.java:15)
	at HomePageMitra_PageFactory_Annotation.&lt;init&gt;(HomePageMitra_PageFactory_Annotation.java:15)
	at HomePageMitra_PageFactory_Annotation.&lt;init&gt;(HomePageMitra_PageFactory_Annotation.java:15)
	at HomePageMitra_PageFactory_Annotation.&lt;init&gt;(HomePageMitra_PageFactory_Annotation.java:15)
	at HomePageMitra_PageFactory_Annotation.&lt;init&gt;(HomePageMitra_PageFactory_Annotation.java:15)
	at HomePageMitra_PageFactory_Annotation.&lt;init&gt;(HomePageMitra_PageFactory_Annotation.java:15)
	at HomePageMitra_PageFactory_Annotation.&lt;init&gt;(HomePageMitra_PageFactory_Annotation.java:15)
	at HomePageMitra_PageFactory_Annotation.&lt;init&gt;(HomePageMitra_PageFactory_Annotation.java:15)
	at HomePageMitra_PageFactory_Annotation.&lt;init&gt;(HomePageMitra_PageFactory_Annotation.java:15)
	at HomePageMitra_PageFactory_Annotation.&lt;init&gt;(HomePageMitra_PageFactory_Annotation.java:15)
	at HomePageMitra_PageFactory_Annotation.&lt;init&gt;(HomePageMitra_PageFactory_Annotation.java:15)
	at HomePageMitra_PageFactory_Annotation.&lt;init&gt;(HomePageMitra_PageFactory_Annotation.java:15)
	at HomePageMitra_PageFactory_Annotation.&lt;init&gt;(HomePageMitra_PageFactory_Annotation.java:15)
	at HomePageMitra_PageFactory_Annotation.&lt;init&gt;(HomePageMitra_PageFactory_Annotation.java:15)
	at HomePageMitra_PageFactory_Annotation.&lt;init&gt;(HomePageMitra_PageFactory_Annotation.java:15)
	at HomePageMitra_PageFactory_Annotation.&lt;init&gt;(HomePageMitra_PageFactory_Annotation.java:15)
	at HomePageMitra_PageFactory_Annotation.&lt;init&gt;(HomePageMitra_PageFactory_Annotation.java:15)
	at HomePageMitra_PageFactory_Annotation.&lt;init&gt;(HomePageMitra_PageFactory_Annotation.java:15)
	at HomePageMitra_PageFactory_Annotation.&lt;init&gt;(HomePageMitra_PageFactory_Annotation.java:15)
	at HomePageMitra_PageFactory_Annotation.&lt;init&gt;(HomePageMitra_PageFactory_Annotation.java:15)
	at HomePageMitra_PageFactory_Annotation.&lt;init&gt;(HomePageMitra_PageFactory_Annotation.java:15)
	at HomePageMitra_PageFactory_Annotation.&lt;init&gt;(HomePageMitra_PageFactory_Annotation.java:15)
	at HomePageMitra_PageFactory_Annotation.&lt;init&gt;(HomePageMitra_PageFactory_Annotation.java:15)
	at HomePageMitra_PageFactory_Annotation.&lt;init&gt;(HomePageMitra_PageFactory_Annotation.java:15)
	at HomePageMitra_PageFactory_Annotation.&lt;init&gt;(HomePageMitra_PageFactory_Annotation.java:15)
	at HomePageMitra_PageFactory_Annotation.&lt;init&gt;(HomePageMitra_PageFactory_Annotation.java:15)
	at HomePageMitra_PageFactory_Annotation.&lt;init&gt;(HomePageMitra_PageFactory_Annotation.java:15)
	at HomePageMitra_PageFactory_Annotation.&lt;init&gt;(HomePageMitra_PageFactory_Annotation.java:15)
	at HomePageMitra_PageFactory_Annotation.&lt;init&gt;(HomePageMitra_PageFactory_Annotation.java:15)
	at HomePageMitra_PageFactory_Annotation.&lt;init&gt;(HomePageMitra_PageFactory_Annotation.java:15)
	at HomePageMitra_PageFactory_Annotation.&lt;init&gt;(HomePageMitra_PageFactory_Annotation.java:15)
	at HomePageMitra_PageFactory_Annotation.&lt;init&gt;(HomePageMitra_PageFactory_Annotation.java:15)
	at HomePageMitra_PageFactory_Annotation.&lt;init&gt;(HomePageMitra_PageFactory_Annotation.java:15)
	at HomePageMitra_PageFactory_Annotation.&lt;init&gt;(HomePageMitra_PageFactory_Annotation.java:15)
	at HomePageMitra_PageFactory_Annotation.&lt;init&gt;(HomePageMitra_PageFactory_Annotation.java:15)
	at HomePageMitra_PageFactory_Annotation.&lt;init&gt;(HomePageMitra_PageFactory_Annotation.java:15)
	at HomePageMitra_PageFactory_Annotation.&lt;init&gt;(HomePageMitra_PageFactory_Annotation.java:15)
	at HomePageMitra_PageFactory_Annotation.&lt;init&gt;(HomePageMitra_PageFactory_Annotation.java:15)
	at HomePageMitra_PageFactory_Annotation.&lt;init&gt;(HomePageMitra_PageFactory_Annotation.java:15)
	at HomePageMitra_PageFactory_Annotation.&lt;init&gt;(HomePageMitra_PageFactory_Annotation.java:15)
	at HomePageMitra_PageFactory_Annotation.&lt;init&gt;(HomePageMitra_PageFactory_Annotation.java:15)
	at HomePageMitra_PageFactory_Annotation.&lt;init&gt;(HomePageMitra_PageFactory_Annotation.java:15)
	at HomePageMitra_PageFactory_Annotation.&lt;init&gt;(HomePageMitra_PageFactory_Annotation.java:15)
	at HomePageMitra_PageFactory_Annotation.&lt;init&gt;(HomePageMitra_PageFactory_Annotation.java:15)
	at HomePageMitra_PageFactory_Annotation.&lt;init&gt;(HomePageMitra_PageFactory_Annotation.java:15)
	at HomePageMitra_PageFactory_Annotation.&lt;init&gt;(HomePageMitra_PageFactory_Annotation.java:15)
	at HomePageMitra_PageFactory_Annotation.&lt;init&gt;(HomePageMitra_PageFactory_Annotation.java:15)
	at HomePageMitra_PageFactory_Annotation.&lt;init&gt;(HomePageMitra_PageFactory_Annotation.java:15)
	at HomePageMitra_PageFactory_Annotation.&lt;init&gt;(HomePageMitra_PageFactory_Annotation.java:15)
	at HomePageMitra_PageFactory_Annotation.&lt;init&gt;(HomePageMitra_PageFactory_Annotation.java:15)
	at HomePageMitra_PageFactory_Annotation.&lt;init&gt;(HomePageMitra_PageFactory_Annotation.java:15)
	at HomePageMitra_PageFactory_Annotation.&lt;init&gt;(HomePageMitra_PageFactory_Annotation.java:15)
	at HomePageMitra_PageFactory_Annotation.&lt;init&gt;(HomePageMitra_PageFactory_Annotation.java:15)
	at HomePageMitra_PageFactory_Annotation.&lt;init&gt;(HomePageMitra_PageFactory_Annotation.java:15)
	at HomePageMitra_PageFactory_Annotation.&lt;init&gt;(HomePageMitra_PageFactory_Annotation.java:15)
	at HomePageMitra_PageFactory_Annotation.&lt;init&gt;(HomePageMitra_PageFactory_Annotation.java:15)
	at HomePageMitra_PageFactory_Annotation.&lt;init&gt;(HomePageMitra_PageFactory_Annotation.java:15)
	at HomePageMitra_PageFactory_Annotation.&lt;init&gt;(HomePageMitra_PageFactory_Annotation.java:15)
	at HomePageMitra_PageFactory_Annotation.&lt;init&gt;(HomePageMitra_PageFactory_Annotation.java:15)
	at HomePageMitra_PageFactory_Annotation.&lt;init&gt;(HomePageMitra_PageFactory_Annotation.java:15)
	at HomePageMitra_PageFactory_Annotation.&lt;init&gt;(HomePageMitra_PageFactory_Annotation.java:15)
	at HomePageMitra_PageFactory_Annotation.&lt;init&gt;(HomePageMitra_PageFactory_Annotation.java:15)
	at HomePageMitra_PageFactory_Annotation.&lt;init&gt;(HomePageMitra_PageFactory_Annotation.java:15)
	at HomePageMitra_PageFactory_Annotation.&lt;init&gt;(HomePageMitra_PageFactory_Annotation.java:15)
	at HomePageMitra_PageFactory_Annotation.&lt;init&gt;(HomePageMitra_PageFactory_Annotation.java:15)
	at HomePageMitra_PageFactory_Annotation.&lt;init&gt;(HomePageMitra_PageFactory_Annotation.java:15)
	at HomePageMitra_PageFactory_Annotation.&lt;init&gt;(HomePageMitra_PageFactory_Annotation.java:15)
	at HomePageMitra_PageFactory_Annotation.&lt;init&gt;(HomePageMitra_PageFactory_Annotation.java:15)
	at HomePageMitra_PageFactory_Annotation.&lt;init&gt;(HomePageMitra_PageFactory_Annotation.java:15)
	at HomePageMitra_PageFactory_Annotation.&lt;init&gt;(HomePageMitra_PageFactory_Annotation.java:15)
	at HomePageMitra_PageFactory_Annotation.&lt;init&gt;(HomePageMitra_PageFactory_Annotation.java:15)
	at HomePageMitra_PageFactory_Annotation.&lt;init&gt;(HomePageMitra_PageFactory_Annotation.java:15)
	at HomePageMitra_PageFactory_Annotation.&lt;init&gt;(HomePageMitra_PageFactory_Annotation.java:15)
	at HomePageMitra_PageFactory_Annotation.&lt;init&gt;(HomePageMitra_PageFactory_Annotation.java:15)
	at HomePageMitra_PageFactory_Annotation.&lt;init&gt;(HomePageMitra_PageFactory_Annotation.java:15)
	at HomePageMitra_PageFactory_Annotation.&lt;init&gt;(HomePageMitra_PageFactory_Annotation.java:15)
	at HomePageMitra_PageFactory_Annotation.&lt;init&gt;(HomePageMitra_PageFactory_Annotation.java:15)
	at HomePageMitra_PageFactory_Annotation.&lt;init&gt;(HomePageMitra_PageFactory_Annotation.java:15)
	at HomePageMitra_PageFactory_Annotation.&lt;init&gt;(HomePageMitra_PageFactory_Annotation.java:15)
	at HomePageMitra_PageFactory_Annotation.&lt;init&gt;(HomePageMitra_PageFactory_Annotation.java:15)
	at HomePageMitra_PageFactory_Annotation.&lt;init&gt;(HomePageMitra_PageFactory_Annotation.java:15)
	at HomePageMitra_PageFactory_Annotation.&lt;init&gt;(HomePageMitra_PageFactory_Annotation.java:15)
	at HomePageMitra_PageFactory_Annotation.&lt;init&gt;(HomePageMitra_PageFactory_Annotation.java:15)
	at HomePageMitra_PageFactory_Annotation.&lt;init&gt;(HomePageMitra_PageFactory_Annotation.java:15)
	at HomePageMitra_PageFactory_Annotation.&lt;init&gt;(HomePageMitra_PageFactory_Annotation.java:15)
	at HomePageMitra_PageFactory_Annotation.&lt;init&gt;(HomePageMitra_PageFactory_Annotation.java:15)
	at HomePageMitra_PageFactory_Annotation.&lt;init&gt;(HomePageMitra_PageFactory_Annotation.java:15)
	at HomePageMitra_PageFactory_Annotation.&lt;init&gt;(HomePageMitra_PageFactory_Annotation.java:15)
	at HomePageMitra_PageFactory_Annotation.&lt;init&gt;(HomePageMitra_PageFactory_Annotation.java:15)
	at HomePageMitra_PageFactory_Annotation.&lt;init&gt;(HomePageMitra_PageFactory_Annotation.java:15)
	at HomePageMitra_PageFactory_Annotation.&lt;init&gt;(HomePageMitra_PageFactory_Annotation.java:15)
	at HomePageMitra_PageFactory_Annotation.&lt;init&gt;(HomePageMitra_PageFactory_Annotation.java:15)
	at HomePageMitra_PageFactory_Annotation.&lt;init&gt;(HomePageMitra_PageFactory_Annotation.java:15)
	at HomePageMitra_PageFactory_Annotation.&lt;init&gt;(HomePageMitra_PageFactory_Annotation.java:15)
	at HomePageMitra_PageFactory_Annotation.&lt;init&gt;(HomePageMitra_PageFactory_Annotation.java:15)
	at HomePageMitra_PageFactory_Annotation.&lt;init&gt;(HomePageMitra_PageFactory_Annotation.java:15)
	at HomePageMitra_PageFactory_Annotation.&lt;init&gt;(HomePageMitra_PageFactory_Annotation.java:15)
	at HomePageMitra_PageFactory_Annotation.&lt;init&gt;(HomePageMitra_PageFactory_Annotation.java:15)
	at HomePageMitra_PageFactory_Annotation.&lt;init&gt;(HomePageMitra_PageFactory_Annotation.java:15)
	at HomePageMitra_PageFactory_Annotation.&lt;init&gt;(HomePageMitra_PageFactory_Annotation.java:15)
	at HomePageMitra_PageFactory_Annotation.&lt;init&gt;(HomePageMitra_PageFactory_Annotation.java:15)
	at HomePageMitra_PageFactory_Annotation.&lt;init&gt;(HomePageMitra_PageFactory_Annotation.java:15)
	at HomePageMitra_PageFactory_Annotation.&lt;init&gt;(HomePageMitra_PageFactory_Annotation.java:15)
	at HomePageMitra_PageFactory_Annotation.&lt;init&gt;(HomePageMitra_PageFactory_Annotation.java:15)
	at HomePageMitra_PageFactory_Annotation.&lt;init&gt;(HomePageMitra_PageFactory_Annotation.java:15)
	at HomePageMitra_PageFactory_Annotation.&lt;init&gt;(HomePageMitra_PageFactory_Annotation.java:15)
	at HomePageMitra_PageFactory_Annotation.&lt;init&gt;(HomePageMitra_PageFactory_Annotation.java:15)
	at HomePageMitra_PageFactory_Annotation.&lt;init&gt;(HomePageMitra_PageFactory_Annotation.java:15)
	at HomePageMitra_PageFactory_Annotation.&lt;init&gt;(HomePageMitra_PageFactory_Annotation.java:15)
	at HomePageMitra_PageFactory_Annotation.&lt;init&gt;(HomePageMitra_PageFactory_Annotation.java:15)
	at HomePageMitra_PageFactory_Annotation.&lt;init&gt;(HomePageMitra_PageFactory_Annotation.java:15)
	at HomePageMitra_PageFactory_Annotation.&lt;init&gt;(HomePageMitra_PageFactory_Annotation.java:15)
	at HomePageMitra_PageFactory_Annotation.&lt;init&gt;(HomePageMitra_PageFactory_Annotation.java:15)
	at HomePageMitra_PageFactory_Annotation.&lt;init&gt;(HomePageMitra_PageFactory_Annotation.java:15)
	at HomePageMitra_PageFactory_Annotation.&lt;init&gt;(HomePageMitra_PageFactory_Annotation.java:15)
	at HomePageMitra_PageFactory_Annotation.&lt;init&gt;(HomePageMitra_PageFactory_Annotation.java:15)
	at HomePageMitra_PageFactory_Annotation.&lt;init&gt;(HomePageMitra_PageFactory_Annotation.java:15)
	at HomePageMitra_PageFactory_Annotation.&lt;init&gt;(HomePageMitra_PageFactory_Annotation.java:15)
	at HomePageMitra_PageFactory_Annotation.&lt;init&gt;(HomePageMitra_PageFactory_Annotation.java:15)
	at HomePageMitra_PageFactory_Annotation.&lt;init&gt;(HomePageMitra_PageFactory_Annotation.java:15)
	at HomePageMitra_PageFactory_Annotation.&lt;init&gt;(HomePageMitra_PageFactory_Annotation.java:15)
	at HomePageMitra_PageFactory_Annotation.&lt;init&gt;(HomePageMitra_PageFactory_Annotation.java:15)
	at HomePageMitra_PageFactory_Annotation.&lt;init&gt;(HomePageMitra_PageFactory_Annotation.java:15)
	at HomePageMitra_PageFactory_Annotation.&lt;init&gt;(HomePageMitra_PageFactory_Annotation.java:15)
	at HomePageMitra_PageFactory_Annotation.&lt;init&gt;(HomePageMitra_PageFactory_Annotation.java:15)
	at HomePageMitra_PageFactory_Annotation.&lt;init&gt;(HomePageMitra_PageFactory_Annotation.java:15)
	at HomePageMitra_PageFactory_Annotation.&lt;init&gt;(HomePageMitra_PageFactory_Annotation.java:15)
	at HomePageMitra_PageFactory_Annotation.&lt;init&gt;(HomePageMitra_PageFactory_Annotation.java:15)
	at HomePageMitra_PageFactory_Annotation.&lt;init&gt;(HomePageMitra_PageFactory_Annotation.java:15)
	at HomePageMitra_PageFactory_Annotation.&lt;init&gt;(HomePageMitra_PageFactory_Annotation.java:15)
	at HomePageMitra_PageFactory_Annotation.&lt;init&gt;(HomePageMitra_PageFactory_Annotation.java:15)
	at HomePageMitra_PageFactory_Annotation.&lt;init&gt;(HomePageMitra_PageFactory_Annotation.java:15)
	at HomePageMitra_PageFactory_Annotation.&lt;init&gt;(HomePageMitra_PageFactory_Annotation.java:15)
	at HomePageMitra_PageFactory_Annotation.&lt;init&gt;(HomePageMitra_PageFactory_Annotation.java:15)
	at HomePageMitra_PageFactory_Annotation.&lt;init&gt;(HomePageMitra_PageFactory_Annotation.java:15)
	at HomePageMitra_PageFactory_Annotation.&lt;init&gt;(HomePageMitra_PageFactory_Annotation.java:15)
	at HomePageMitra_PageFactory_Annotation.&lt;init&gt;(HomePageMitra_PageFactory_Annotation.java:15)
	at HomePageMitra_PageFactory_Annotation.&lt;init&gt;(HomePageMitra_PageFactory_Annotation.java:15)
	at HomePageMitra_PageFactory_Annotation.&lt;init&gt;(HomePageMitra_PageFactory_Annotation.java:15)
	at HomePageMitra_PageFactory_Annotation.&lt;init&gt;(HomePageMitra_PageFactory_Annotation.java:15)
	at HomePageMitra_PageFactory_Annotation.&lt;init&gt;(HomePageMitra_PageFactory_Annotation.java:15)
	at HomePageMitra_PageFactory_Annotation.&lt;init&gt;(HomePageMitra_PageFactory_Annotation.java:15)
	at HomePageMitra_PageFactory_Annotation.&lt;init&gt;(HomePageMitra_PageFactory_Annotation.java:15)
	at HomePageMitra_PageFactory_Annotation.&lt;init&gt;(HomePageMitra_PageFactory_Annotation.java:15)
	at HomePageMitra_PageFactory_Annotation.&lt;init&gt;(HomePageMitra_PageFactory_Annotation.java:15)
	at HomePageMitra_PageFactory_Annotation.&lt;init&gt;(HomePageMitra_PageFactory_Annotation.java:15)
	at HomePageMitra_PageFactory_Annotation.&lt;init&gt;(HomePageMitra_PageFactory_Annotation.java:15)
	at HomePageMitra_PageFactory_Annotation.&lt;init&gt;(HomePageMitra_PageFactory_Annotation.java:15)
	at HomePageMitra_PageFactory_Annotation.&lt;init&gt;(HomePageMitra_PageFactory_Annotation.java:15)
	at HomePageMitra_PageFactory_Annotation.&lt;init&gt;(HomePageMitra_PageFactory_Annotation.java:15)
	at HomePageMitra_PageFactory_Annotation.&lt;init&gt;(HomePageMitra_PageFactory_Annotation.java:15)
	at HomePageMitra_PageFactory_Annotation.&lt;init&gt;(HomePageMitra_PageFactory_Annotation.java:15)
	at HomePageMitra_PageFactory_Annotation.&lt;init&gt;(HomePageMitra_PageFactory_Annotation.java:15)
	at HomePageMitra_PageFactory_Annotation.&lt;init&gt;(HomePageMitra_PageFactory_Annotation.java:15)
	at HomePageMitra_PageFactory_Annotation.&lt;init&gt;(HomePageMitra_PageFactory_Annotation.java:15)
	at HomePageMitra_PageFactory_Annotation.&lt;init&gt;(HomePageMitra_PageFactory_Annotation.java:15)
	at HomePageMitra_PageFactory_Annotation.&lt;init&gt;(HomePageMitra_PageFactory_Annotation.java:15)
	at HomePageMitra_PageFactory_Annotation.&lt;init&gt;(HomePageMitra_PageFactory_Annotation.java:15)
	at HomePageMitra_PageFactory_Annotation.&lt;init&gt;(HomePageMitra_PageFactory_Annotation.java:15)
	at HomePageMitra_PageFactory_Annotation.&lt;init&gt;(HomePageMitra_PageFactory_Annotation.java:15)
	at HomePageMitra_PageFactory_Annotation.&lt;init&gt;(HomePageMitra_PageFactory_Annotation.java:15)
	at HomePageMitra_PageFactory_Annotation.&lt;init&gt;(HomePageMitra_PageFactory_Annotation.java:15)
	at HomePageMitra_PageFactory_Annotation.&lt;init&gt;(HomePageMitra_PageFactory_Annotation.java:15)
	at HomePageMitra_PageFactory_Annotation.&lt;init&gt;(HomePageMitra_PageFactory_Annotation.java:15)
	at HomePageMitra_PageFactory_Annotation.&lt;init&gt;(HomePageMitra_PageFactory_Annotation.java:15)
	at HomePageMitra_PageFactory_Annotation.&lt;init&gt;(HomePageMitra_PageFactory_Annotation.java:15)
	at HomePageMitra_PageFactory_Annotation.&lt;init&gt;(HomePageMitra_PageFactory_Annotation.java:15)
	at HomePageMitra_PageFactory_Annotation.&lt;init&gt;(HomePageMitra_PageFactory_Annotation.java:15)
	at HomePageMitra_PageFactory_Annotation.&lt;init&gt;(HomePageMitra_PageFactory_Annotation.java:15)
	at HomePageMitra_PageFactory_Annotation.&lt;init&gt;(HomePageMitra_PageFactory_Annotation.java:15)
	at HomePageMitra_PageFactory_Annotation.&lt;init&gt;(HomePageMitra_PageFactory_Annotation.java:15)
	at HomePageMitra_PageFactory_Annotation.&lt;init&gt;(HomePageMitra_PageFactory_Annotation.java:15)
	at HomePageMitra_PageFactory_Annotation.&lt;init&gt;(HomePageMitra_PageFactory_Annotation.java:15)
	at HomePageMitra_PageFactory_Annotation.&lt;init&gt;(HomePageMitra_PageFactory_Annotation.java:15)
	at HomePageMitra_PageFactory_Annotation.&lt;init&gt;(HomePageMitra_PageFactory_Annotation.java:15)
	at HomePageMitra_PageFactory_Annotation.&lt;init&gt;(HomePageMitra_PageFactory_Annotation.java:15)
	at HomePageMitra_PageFactory_Annotation.&lt;init&gt;(HomePageMitra_PageFactory_Annotation.java:15)
	at HomePageMitra_PageFactory_Annotation.&lt;init&gt;(HomePageMitra_PageFactory_Annotation.java:15)
	at HomePageMitra_PageFactory_Annotation.&lt;init&gt;(HomePageMitra_PageFactory_Annotation.java:15)
	at HomePageMitra_PageFactory_Annotation.&lt;init&gt;(HomePageMitra_PageFactory_Annotation.java:15)
	at HomePageMitra_PageFactory_Annotation.&lt;init&gt;(HomePageMitra_PageFactory_Annotation.java:15)
	at HomePageMitra_PageFactory_Annotation.&lt;init&gt;(HomePageMitra_PageFactory_Annotation.java:15)
	at HomePageMitra_PageFactory_Annotation.&lt;init&gt;(HomePageMitra_PageFactory_Annotation.java:15)
	at HomePageMitra_PageFactory_Annotation.&lt;init&gt;(HomePageMitra_PageFactory_Annotation.java:15)
	at HomePageMitra_PageFactory_Annotation.&lt;init&gt;(HomePageMitra_PageFactory_Annotation.java:15)
	at HomePageMitra_PageFactory_Annotation.&lt;init&gt;(HomePageMitra_PageFactory_Annotation.java:15)
	at HomePageMitra_PageFactory_Annotation.&lt;init&gt;(HomePageMitra_PageFactory_Annotation.java:15)
	at HomePageMitra_PageFactory_Annotation.&lt;init&gt;(HomePageMitra_PageFactory_Annotation.java:15)
	at HomePageMitra_PageFactory_Annotation.&lt;init&gt;(HomePageMitra_PageFactory_Annotation.java:15)
	at HomePageMitra_PageFactory_Annotation.&lt;init&gt;(HomePageMitra_PageFactory_Annotation.java:15)
	at HomePageMitra_PageFactory_Annotation.&lt;init&gt;(HomePageMitra_PageFactory_Annotation.java:15)
	at HomePageMitra_PageFactory_Annotation.&lt;init&gt;(HomePageMitra_PageFactory_Annotation.java:15)
	at HomePageMitra_PageFactory_Annotation.&lt;init&gt;(HomePageMitra_PageFactory_Annotation.java:15)
	at HomePageMitra_PageFactory_Annotation.&lt;init&gt;(HomePageMitra_PageFactory_Annotation.java:15)
	at HomePageMitra_PageFactory_Annotation.&lt;init&gt;(HomePageMitra_PageFactory_Annotation.java:15)
	at HomePageMitra_PageFactory_Annotation.&lt;init&gt;(HomePageMitra_PageFactory_Annotation.java:15)
	at HomePageMitra_PageFactory_Annotation.&lt;init&gt;(HomePageMitra_PageFactory_Annotation.java:15)
	at HomePageMitra_PageFactory_Annotation.&lt;init&gt;(HomePageMitra_PageFactory_Annotation.java:15)
	at HomePageMitra_PageFactory_Annotation.&lt;init&gt;(HomePageMitra_PageFactory_Annotation.java:15)
	at HomePageMitra_PageFactory_Annotation.&lt;init&gt;(HomePageMitra_PageFactory_Annotation.java:15)
	at HomePageMitra_PageFactory_Annotation.&lt;init&gt;(HomePageMitra_PageFactory_Annotation.java:15)
	at HomePageMitra_PageFactory_Annotation.&lt;init&gt;(HomePageMitra_PageFactory_Annotation.java:15)
	at HomePageMitra_PageFactory_Annotation.&lt;init&gt;(HomePageMitra_PageFactory_Annotation.java:15)
	at HomePageMitra_PageFactory_Annotation.&lt;init&gt;(HomePageMitra_PageFactory_Annotation.java:15)
	at HomePageMitra_PageFactory_Annotation.&lt;init&gt;(HomePageMitra_PageFactory_Annotation.java:15)
	at HomePageMitra_PageFactory_Annotation.&lt;init&gt;(HomePageMitra_PageFactory_Annotation.java:15)
	at HomePageMitra_PageFactory_Annotation.&lt;init&gt;(HomePageMitra_PageFactory_Annotation.java:15)
	at HomePageMitra_PageFactory_Annotation.&lt;init&gt;(HomePageMitra_PageFactory_Annotation.java:15)
	at HomePageMitra_PageFactory_Annotation.&lt;init&gt;(HomePageMitra_PageFactory_Annotation.java:15)
	at HomePageMitra_PageFactory_Annotation.&lt;init&gt;(HomePageMitra_PageFactory_Annotation.java:15)
	at HomePageMitra_PageFactory_Annotation.&lt;init&gt;(HomePageMitra_PageFactory_Annotation.java:15)
	at HomePageMitra_PageFactory_Annotation.&lt;init&gt;(HomePageMitra_PageFactory_Annotation.java:15)
	at HomePageMitra_PageFactory_Annotation.&lt;init&gt;(HomePageMitra_PageFactory_Annotation.java:15)
	at HomePageMitra_PageFactory_Annotation.&lt;init&gt;(HomePageMitra_PageFactory_Annotation.java:15)
	at HomePageMitra_PageFactory_Annotation.&lt;init&gt;(HomePageMitra_PageFactory_Annotation.java:15)
	at HomePageMitra_PageFactory_Annotation.&lt;init&gt;(HomePageMitra_PageFactory_Annotation.java:15)
	at HomePageMitra_PageFactory_Annotation.&lt;init&gt;(HomePageMitra_PageFactory_Annotation.java:15)
	at HomePageMitra_PageFactory_Annotation.&lt;init&gt;(HomePageMitra_PageFactory_Annotation.java:15)
	at HomePageMitra_PageFactory_Annotation.&lt;init&gt;(HomePageMitra_PageFactory_Annotation.java:15)
	at HomePageMitra_PageFactory_Annotation.&lt;init&gt;(HomePageMitra_PageFactory_Annotation.java:15)
	at HomePageMitra_PageFactory_Annotation.&lt;init&gt;(HomePageMitra_PageFactory_Annotation.java:15)
	at HomePageMitra_PageFactory_Annotation.&lt;init&gt;(HomePageMitra_PageFactory_Annotation.java:15)
	at HomePageMitra_PageFactory_Annotation.&lt;init&gt;(HomePageMitra_PageFactory_Annotation.java:15)
	at HomePageMitra_PageFactory_Annotation.&lt;init&gt;(HomePageMitra_PageFactory_Annotation.java:15)
	at HomePageMitra_PageFactory_Annotation.&lt;init&gt;(HomePageMitra_PageFactory_Annotation.java:15)
	at HomePageMitra_PageFactory_Annotation.&lt;init&gt;(HomePageMitra_PageFactory_Annotation.java:15)
	at HomePageMitra_PageFactory_Annotation.&lt;init&gt;(HomePageMitra_PageFactory_Annotation.java:15)
	at HomePageMitra_PageFactory_Annotation.&lt;init&gt;(HomePageMitra_PageFactory_Annotation.java:15)
	at HomePageMitra_PageFactory_Annotation.&lt;init&gt;(HomePageMitra_PageFactory_Annotation.java:15)
	at HomePageMitra_PageFactory_Annotation.&lt;init&gt;(HomePageMitra_PageFactory_Annotation.java:15)
	at HomePageMitra_PageFactory_Annotation.&lt;init&gt;(HomePageMitra_PageFactory_Annotation.java:15)
	at HomePageMitra_PageFactory_Annotation.&lt;init&gt;(HomePageMitra_PageFactory_Annotation.java:15)
	at HomePageMitra_PageFactory_Annotation.&lt;init&gt;(HomePageMitra_PageFactory_Annotation.java:15)
	at HomePageMitra_PageFactory_Annotation.&lt;init&gt;(HomePageMitra_PageFactory_Annotation.java:15)
	at HomePageMitra_PageFactory_Annotation.&lt;init&gt;(HomePageMitra_PageFactory_Annotation.java:15)
	at HomePageMitra_PageFactory_Annotation.&lt;init&gt;(HomePageMitra_PageFactory_Annotation.java:15)
	at HomePageMitra_PageFactory_Annotation.&lt;init&gt;(HomePageMitra_PageFactory_Annotation.java:15)
	at HomePageMitra_PageFactory_Annotation.&lt;init&gt;(HomePageMitra_PageFactory_Annotation.java:15)
	at HomePageMitra_PageFactory_Annotation.&lt;init&gt;(HomePageMitra_PageFactory_Annotation.java:15)
	at HomePageMitra_PageFactory_Annotation.&lt;init&gt;(HomePageMitra_PageFactory_Annotation.java:15)
	at HomePageMitra_PageFactory_Annotation.&lt;init&gt;(HomePageMitra_PageFactory_Annotation.java:15)
	at HomePageMitra_PageFactory_Annotation.&lt;init&gt;(HomePageMitra_PageFactory_Annotation.java:15)
	at HomePageMitra_PageFactory_Annotation.&lt;init&gt;(HomePageMitra_PageFactory_Annotation.java:15)
	at HomePageMitra_PageFactory_Annotation.&lt;init&gt;(HomePageMitra_PageFactory_Annotation.java:15)
	at HomePageMitra_PageFactory_Annotation.&lt;init&gt;(HomePageMitra_PageFactory_Annotation.java:15)
	at HomePageMitra_PageFactory_Annotation.&lt;init&gt;(HomePageMitra_PageFactory_Annotation.java:15)
	at HomePageMitra_PageFactory_Annotation.&lt;init&gt;(HomePageMitra_PageFactory_Annotation.java:15)
	at HomePageMitra_PageFactory_Annotation.&lt;init&gt;(HomePageMitra_PageFactory_Annotation.java:15)
	at HomePageMitra_PageFactory_Annotation.&lt;init&gt;(HomePageMitra_PageFactory_Annotation.java:15)
	at HomePageMitra_PageFactory_Annotation.&lt;init&gt;(HomePageMitra_PageFactory_Annotation.java:15)
	at HomePageMitra_PageFactory_Annotation.&lt;init&gt;(HomePageMitra_PageFactory_Annotation.java:15)
	at HomePageMitra_PageFactory_Annotation.&lt;init&gt;(HomePageMitra_PageFactory_Annotation.java:15)
	at HomePageMitra_PageFactory_Annotation.&lt;init&gt;(HomePageMitra_PageFactory_Annotation.java:15)
	at HomePageMitra_PageFactory_Annotation.&lt;init&gt;(HomePageMitra_PageFactory_Annotation.java:15)
	at HomePageMitra_PageFactory_Annotation.&lt;init&gt;(HomePageMitra_PageFactory_Annotation.java:15)
	at HomePageMitra_PageFactory_Annotation.&lt;init&gt;(HomePageMitra_PageFactory_Annotation.java:15)
	at HomePageMitra_PageFactory_Annotation.&lt;init&gt;(HomePageMitra_PageFactory_Annotation.java:15)
	at HomePageMitra_PageFactory_Annotation.&lt;init&gt;(HomePageMitra_PageFactory_Annotation.java:15)
	at HomePageMitra_PageFactory_Annotation.&lt;init&gt;(HomePageMitra_PageFactory_Annotation.java:15)
	at HomePageMitra_PageFactory_Annotation.&lt;init&gt;(HomePageMitra_PageFactory_Annotation.java:15)
	at HomePageMitra_PageFactory_Annotation.&lt;init&gt;(HomePageMitra_PageFactory_Annotation.java:15)
	at HomePageMitra_PageFactory_Annotation.&lt;init&gt;(HomePageMitra_PageFactory_Annotation.java:15)
	at HomePageMitra_PageFactory_Annotation.&lt;init&gt;(HomePageMitra_PageFactory_Annotation.java:15)
	at HomePageMitra_PageFactory_Annotation.&lt;init&gt;(HomePageMitra_PageFactory_Annotation.java:15)
	at HomePageMitra_PageFactory_Annotation.&lt;init&gt;(HomePageMitra_PageFactory_Annotation.java:15)
	at HomePageMitra_PageFactory_Annotation.&lt;init&gt;(HomePageMitra_PageFactory_Annotation.java:15)
	at HomePageMitra_PageFactory_Annotation.&lt;init&gt;(HomePageMitra_PageFactory_Annotation.java:15)
	at HomePageMitra_PageFactory_Annotation.&lt;init&gt;(HomePageMitra_PageFactory_Annotation.java:15)
	at HomePageMitra_PageFactory_Annotation.&lt;init&gt;(HomePageMitra_PageFactory_Annotation.java:15)
	at HomePageMitra_PageFactory_Annotation.&lt;init&gt;(HomePageMitra_PageFactory_Annotation.java:15)
	at HomePageMitra_PageFactory_Annotation.&lt;init&gt;(HomePageMitra_PageFactory_Annotation.java:15)
	at HomePageMitra_PageFactory_Annotation.&lt;init&gt;(HomePageMitra_PageFactory_Annotation.java:15)
	at HomePageMitra_PageFactory_Annotation.&lt;init&gt;(HomePageMitra_PageFactory_Annotation.java:15)
	at HomePageMitra_PageFactory_Annotation.&lt;init&gt;(HomePageMitra_PageFactory_Annotation.java:15)
	at HomePageMitra_PageFactory_Annotation.&lt;init&gt;(HomePageMitra_PageFactory_Annotation.java:15)
	at HomePageMitra_PageFactory_Annotation.&lt;init&gt;(HomePageMitra_PageFactory_Annotation.java:15)
	at HomePageMitra_PageFactory_Annotation.&lt;init&gt;(HomePageMitra_PageFactory_Annotation.java:15)
	at HomePageMitra_PageFactory_Annotation.&lt;init&gt;(HomePageMitra_PageFactory_Annotation.java:15)
	at HomePageMitra_PageFactory_Annotation.&lt;init&gt;(HomePageMitra_PageFactory_Annotation.java:15)
	at HomePageMitra_PageFactory_Annotation.&lt;init&gt;(HomePageMitra_PageFactory_Annotation.java:15)
	at HomePageMitra_PageFactory_Annotation.&lt;init&gt;(HomePageMitra_PageFactory_Annotation.java:15)
	at HomePageMitra_PageFactory_Annotation.&lt;init&gt;(HomePageMitra_PageFactory_Annotation.java:15)
	at HomePageMitra_PageFactory_Annotation.&lt;init&gt;(HomePageMitra_PageFactory_Annotation.java:15)
	at HomePageMitra_PageFactory_Annotation.&lt;init&gt;(HomePageMitra_PageFactory_Annotation.java:15)
	at HomePageMitra_PageFactory_Annotation.&lt;init&gt;(HomePageMitra_PageFactory_Annotation.java:15)
	at HomePageMitra_PageFactory_Annotation.&lt;init&gt;(HomePageMitra_PageFactory_Annotation.java:15)
	at HomePageMitra_PageFactory_Annotation.&lt;init&gt;(HomePageMitra_PageFactory_Annotation.java:15)
	at HomePageMitra_PageFactory_Annotation.&lt;init&gt;(HomePageMitra_PageFactory_Annotation.java:15)
	at HomePageMitra_PageFactory_Annotation.&lt;init&gt;(HomePageMitra_PageFactory_Annotation.java:15)
	at HomePageMitra_PageFactory_Annotation.&lt;init&gt;(HomePageMitra_PageFactory_Annotation.java:15)
	at HomePageMitra_PageFactory_Annotation.&lt;init&gt;(HomePageMitra_PageFactory_Annotation.java:15)
	at HomePageMitra_PageFactory_Annotation.&lt;init&gt;(HomePageMitra_PageFactory_Annotation.java:15)
	at HomePageMitra_PageFactory_Annotation.&lt;init&gt;(HomePageMitra_PageFactory_Annotation.java:15)
	at HomePageMitra_PageFactory_Annotation.&lt;init&gt;(HomePageMitra_PageFactory_Annotation.java:15)
	at HomePageMitra_PageFactory_Annotation.&lt;init&gt;(HomePageMitra_PageFactory_Annotation.java:15)
	at HomePageMitra_PageFactory_Annotation.&lt;init&gt;(HomePageMitra_PageFactory_Annotation.java:15)
	at HomePageMitra_PageFactory_Annotation.&lt;init&gt;(HomePageMitra_PageFactory_Annotation.java:15)
	at HomePageMitra_PageFactory_Annotation.&lt;init&gt;(HomePageMitra_PageFactory_Annotation.java:15)
	at HomePageMitra_PageFactory_Annotation.&lt;init&gt;(HomePageMitra_PageFactory_Annotation.java:15)
	at HomePageMitra_PageFactory_Annotation.&lt;init&gt;(HomePageMitra_PageFactory_Annotation.java:15)
	at HomePageMitra_PageFactory_Annotation.&lt;init&gt;(HomePageMitra_PageFactory_Annotation.java:15)
	at HomePageMitra_PageFactory_Annotation.&lt;init&gt;(HomePageMitra_PageFactory_Annotation.java:15)
	at HomePageMitra_PageFactory_Annotation.&lt;init&gt;(HomePageMitra_PageFactory_Annotation.java:15)
	at HomePageMitra_PageFactory_Annotation.&lt;init&gt;(HomePageMitra_PageFactory_Annotation.java:15)
	at HomePageMitra_PageFactory_Annotation.&lt;init&gt;(HomePageMitra_PageFactory_Annotation.java:15)
	at HomePageMitra_PageFactory_Annotation.&lt;init&gt;(HomePageMitra_PageFactory_Annotation.java:15)
	at HomePageMitra_PageFactory_Annotation.&lt;init&gt;(HomePageMitra_PageFactory_Annotation.java:15)
	at HomePageMitra_PageFactory_Annotation.&lt;init&gt;(HomePageMitra_PageFactory_Annotation.java:15)
	at HomePageMitra_PageFactory_Annotation.&lt;init&gt;(HomePageMitra_PageFactory_Annotation.java:15)
	at HomePageMitra_PageFactory_Annotation.&lt;init&gt;(HomePageMitra_PageFactory_Annotation.java:15)
	at HomePageMitra_PageFactory_Annotation.&lt;init&gt;(HomePageMitra_PageFactory_Annotation.java:15)
	at HomePageMitra_PageFactory_Annotation.&lt;init&gt;(HomePageMitra_PageFactory_Annotation.java:15)
	at HomePageMitra_PageFactory_Annotation.&lt;init&gt;(HomePageMitra_PageFactory_Annotation.java:15)
	at HomePageMitra_PageFactory_Annotation.&lt;init&gt;(HomePageMitra_PageFactory_Annotation.java:15)
	at HomePageMitra_PageFactory_Annotation.&lt;init&gt;(HomePageMitra_PageFactory_Annotation.java:15)
	at HomePageMitra_PageFactory_Annotation.&lt;init&gt;(HomePageMitra_PageFactory_Annotation.java:15)
	at HomePageMitra_PageFactory_Annotation.&lt;init&gt;(HomePageMitra_PageFactory_Annotation.java:15)
	at HomePageMitra_PageFactory_Annotation.&lt;init&gt;(HomePageMitra_PageFactory_Annotation.java:15)
	at HomePageMitra_PageFactory_Annotation.&lt;init&gt;(HomePageMitra_PageFactory_Annotation.java:15)
	at HomePageMitra_PageFactory_Annotation.&lt;init&gt;(HomePageMitra_PageFactory_Annotation.java:15)
	at HomePageMitra_PageFactory_Annotation.&lt;init&gt;(HomePageMitra_PageFactory_Annotation.java:15)
	at HomePageMitra_PageFactory_Annotation.&lt;init&gt;(HomePageMitra_PageFactory_Annotation.java:15)
	at HomePageMitra_PageFactory_Annotation.&lt;init&gt;(HomePageMitra_PageFactory_Annotation.java:15)
	at HomePageMitra_PageFactory_Annotation.&lt;init&gt;(HomePageMitra_PageFactory_Annotation.java:15)
	at HomePageMitra_PageFactory_Annotation.&lt;init&gt;(HomePageMitra_PageFactory_Annotation.java:15)
	at HomePageMitra_PageFactory_Annotation.&lt;init&gt;(HomePageMitra_PageFactory_Annotation.java:15)
	at HomePageMitra_PageFactory_Annotation.&lt;init&gt;(HomePageMitra_PageFactory_Annotation.java:15)
	at HomePageMitra_PageFactory_Annotation.&lt;init&gt;(HomePageMitra_PageFactory_Annotation.java:15)
	at HomePageMitra_PageFactory_Annotation.&lt;init&gt;(HomePageMitra_PageFactory_Annotation.java:15)
	at HomePageMitra_PageFactory_Annotation.&lt;init&gt;(HomePageMitra_PageFactory_Annotation.java:15)
	at HomePageMitra_PageFactory_Annotation.&lt;init&gt;(HomePageMitra_PageFactory_Annotation.java:15)
	at HomePageMitra_PageFactory_Annotation.&lt;init&gt;(HomePageMitra_PageFactory_Annotation.java:15)
	at HomePageMitra_PageFactory_Annotation.&lt;init&gt;(HomePageMitra_PageFactory_Annotation.java:15)
	at HomePageMitra_PageFactory_Annotation.&lt;init&gt;(HomePageMitra_PageFactory_Annotation.java:15)
	at HomePageMitra_PageFactory_Annotation.&lt;init&gt;(HomePageMitra_PageFactory_Annotation.java:15)
	at HomePageMitra_PageFactory_Annotation.&lt;init&gt;(HomePageMitra_PageFactory_Annotation.java:15)
	at HomePageMitra_PageFactory_Annotation.&lt;init&gt;(HomePageMitra_PageFactory_Annotation.java:15)
	at HomePageMitra_PageFactory_Annotation.&lt;init&gt;(HomePageMitra_PageFactory_Annotation.java:15)
	at HomePageMitra_PageFactory_Annotation.&lt;init&gt;(HomePageMitra_PageFactory_Annotation.java:15)
	at HomePageMitra_PageFactory_Annotation.&lt;init&gt;(HomePageMitra_PageFactory_Annotation.java:15)
	at HomePageMitra_PageFactory_Annotation.&lt;init&gt;(HomePageMitra_PageFactory_Annotation.java:15)
	at HomePageMitra_PageFactory_Annotation.&lt;init&gt;(HomePageMitra_PageFactory_Annotation.java:15)
	at HomePageMitra_PageFactory_Annotation.&lt;init&gt;(HomePageMitra_PageFactory_Annotation.java:15)
	at HomePageMitra_PageFactory_Annotation.&lt;init&gt;(HomePageMitra_PageFactory_Annotation.java:15)
	at HomePageMitra_PageFactory_Annotation.&lt;init&gt;(HomePageMitra_PageFactory_Annotation.java:15)
	at HomePageMitra_PageFactory_Annotation.&lt;init&gt;(HomePageMitra_PageFactory_Annotation.java:15)
	at HomePageMitra_PageFactory_Annotation.&lt;init&gt;(HomePageMitra_PageFactory_Annotation.java:15)
	at HomePageMitra_PageFactory_Annotation.&lt;init&gt;(HomePageMitra_PageFactory_Annotation.java:15)
	at HomePageMitra_PageFactory_Annotation.&lt;init&gt;(HomePageMitra_PageFactory_Annotation.java:15)
	at HomePageMitra_PageFactory_Annotation.&lt;init&gt;(HomePageMitra_PageFactory_Annotation.java:15)
	at HomePageMitra_PageFactory_Annotation.&lt;init&gt;(HomePageMitra_PageFactory_Annotation.java:15)
	at HomePageMitra_PageFactory_Annotation.&lt;init&gt;(HomePageMitra_PageFactory_Annotation.java:15)
	at HomePageMitra_PageFactory_Annotation.&lt;init&gt;(HomePageMitra_PageFactory_Annotation.java:15)
	at HomePageMitra_PageFactory_Annotation.&lt;init&gt;(HomePageMitra_PageFactory_Annotation.java:15)
	at HomePageMitra_PageFactory_Annotation.&lt;init&gt;(HomePageMitra_PageFactory_Annotation.java:15)
	at HomePageMitra_PageFactory_Annotation.&lt;init&gt;(HomePageMitra_PageFactory_Annotation.java:15)
	at HomePageMitra_PageFactory_Annotation.&lt;init&gt;(HomePageMitra_PageFactory_Annotation.java:15)
	at HomePageMitra_PageFactory_Annotation.&lt;init&gt;(HomePageMitra_PageFactory_Annotation.java:15)
	at HomePageMitra_PageFactory_Annotation.&lt;init&gt;(HomePageMitra_PageFactory_Annotation.java:15)
	at HomePageMitra_PageFactory_Annotation.&lt;init&gt;(HomePageMitra_PageFactory_Annotation.java:15)
	at HomePageMitra_PageFactory_Annotation.&lt;init&gt;(HomePageMitra_PageFactory_Annotation.java:15)
	at HomePageMitra_PageFactory_Annotation.&lt;init&gt;(HomePageMitra_PageFactory_Annotation.java:15)
	at HomePageMitra_PageFactory_Annotation.&lt;init&gt;(HomePageMitra_PageFactory_Annotation.java:15)
	at HomePageMitra_PageFactory_Annotation.&lt;init&gt;(HomePageMitra_PageFactory_Annotation.java:15)
	at HomePageMitra_PageFactory_Annotation.&lt;init&gt;(HomePageMitra_PageFactory_Annotation.java:15)
	at HomePageMitra_PageFactory_Annotation.&lt;init&gt;(HomePageMitra_PageFactory_Annotation.java:15)
	at HomePageMitra_PageFactory_Annotation.&lt;init&gt;(HomePageMitra_PageFactory_Annotation.java:15)
	at HomePageMitra_PageFactory_Annotation.&lt;init&gt;(HomePageMitra_PageFactory_Annotation.java:15)
	at HomePageMitra_PageFactory_Annotation.&lt;init&gt;(HomePageMitra_PageFactory_Annotation.java:15)
	at HomePageMitra_PageFactory_Annotation.&lt;init&gt;(HomePageMitra_PageFactory_Annotation.java:15)
	at HomePageMitra_PageFactory_Annotation.&lt;init&gt;(HomePageMitra_PageFactory_Annotation.java:15)
	at HomePageMitra_PageFactory_Annotation.&lt;init&gt;(HomePageMitra_PageFactory_Annotation.java:15)
	at HomePageMitra_PageFactory_Annotation.&lt;init&gt;(HomePageMitra_PageFactory_Annotation.java:15)
	at HomePageMitra_PageFactory_Annotation.&lt;init&gt;(HomePageMitra_PageFactory_Annotation.java:15)
	at HomePageMitra_PageFactory_Annotation.&lt;init&gt;(HomePageMitra_PageFactory_Annotation.java:15)
	at HomePageMitra_PageFactory_Annotation.&lt;init&gt;(HomePageMitra_PageFactory_Annotation.java:15)
	at HomePageMitra_PageFactory_Annotation.&lt;init&gt;(HomePageMitra_PageFactory_Annotation.java:15)
	at HomePageMitra_PageFactory_Annotation.&lt;init&gt;(HomePageMitra_PageFactory_Annotation.java:15)
	at HomePageMitra_PageFactory_Annotation.&lt;init&gt;(HomePageMitra_PageFactory_Annotation.java:15)
	at HomePageMitra_PageFactory_Annotation.&lt;init&gt;(HomePageMitra_PageFactory_Annotation.java:15)
	at HomePageMitra_PageFactory_Annotation.&lt;init&gt;(HomePageMitra_PageFactory_Annotation.java:15)
	at HomePageMitra_PageFactory_Annotation.&lt;init&gt;(HomePageMitra_PageFactory_Annotation.java:15)
	at HomePageMitra_PageFactory_Annotation.&lt;init&gt;(HomePageMitra_PageFactory_Annotation.java:15)
	at HomePageMitra_PageFactory_Annotation.&lt;init&gt;(HomePageMitra_PageFactory_Annotation.java:15)
	at HomePageMitra_PageFactory_Annotation.&lt;init&gt;(HomePageMitra_PageFactory_Annotation.java:15)
	at HomePageMitra_PageFactory_Annotation.&lt;init&gt;(HomePageMitra_PageFactory_Annotation.java:15)
	at HomePageMitra_PageFactory_Annotation.&lt;init&gt;(HomePageMitra_PageFactory_Annotation.java:15)
	at HomePageMitra_PageFactory_Annotation.&lt;init&gt;(HomePageMitra_PageFactory_Annotation.java:15)
	at HomePageMitra_PageFactory_Annotation.&lt;init&gt;(HomePageMitra_PageFactory_Annotation.java:15)
	at HomePageMitra_PageFactory_Annotation.&lt;init&gt;(HomePageMitra_PageFactory_Annotation.java:15)
	at HomePageMitra_PageFactory_Annotation.&lt;init&gt;(HomePageMitra_PageFactory_Annotation.java:15)
	at HomePageMitra_PageFactory_Annotation.&lt;init&gt;(HomePageMitra_PageFactory_Annotation.java:15)
	at HomePageMitra_PageFactory_Annotation.&lt;init&gt;(HomePageMitra_PageFactory_Annotation.java:15)
	at HomePageMitra_PageFactory_Annotation.&lt;init&gt;(HomePageMitra_PageFactory_Annotation.java:15)
	at HomePageMitra_PageFactory_Annotation.&lt;init&gt;(HomePageMitra_PageFactory_Annotation.java:15)
	at HomePageMitra_PageFactory_Annotation.&lt;init&gt;(HomePageMitra_PageFactory_Annotation.java:15)
	at HomePageMitra_PageFactory_Annotation.&lt;init&gt;(HomePageMitra_PageFactory_Annotation.java:15)
	at HomePageMitra_PageFactory_Annotation.&lt;init&gt;(HomePageMitra_PageFactory_Annotation.java:15)
	at HomePageMitra_PageFactory_Annotation.&lt;init&gt;(HomePageMitra_PageFactory_Annotation.java:15)
	at HomePageMitra_PageFactory_Annotation.&lt;init&gt;(HomePageMitra_PageFactory_Annotation.java:15)
	at HomePageMitra_PageFactory_Annotation.&lt;init&gt;(HomePageMitra_PageFactory_Annotation.java:15)
	at HomePageMitra_PageFactory_Annotation.&lt;init&gt;(HomePageMitra_PageFactory_Annotation.java:15)
	at HomePageMitra_PageFactory_Annotation.&lt;init&gt;(HomePageMitra_PageFactory_Annotation.java:15)
	at HomePageMitra_PageFactory_Annotation.&lt;init&gt;(HomePageMitra_PageFactory_Annotation.java:15)
	at HomePageMitra_PageFactory_Annotation.&lt;init&gt;(HomePageMitra_PageFactory_Annotation.java:15)
	at HomePageMitra_PageFactory_Annotation.&lt;init&gt;(HomePageMitra_PageFactory_Annotation.java:15)
	at HomePageMitra_PageFactory_Annotation.&lt;init&gt;(HomePageMitra_PageFactory_Annotation.java:15)
	at HomePageMitra_PageFactory_Annotation.&lt;init&gt;(HomePageMitra_PageFactory_Annotation.java:15)
	at HomePageMitra_PageFactory_Annotation.&lt;init&gt;(HomePageMitra_PageFactory_Annotation.java:15)
	at HomePageMitra_PageFactory_Annotation.&lt;init&gt;(HomePageMitra_PageFactory_Annotation.java:15)
	at HomePageMitra_PageFactory_Annotation.&lt;init&gt;(HomePageMitra_PageFactory_Annotation.java:15)
	at HomePageMitra_PageFactory_Annotation.&lt;init&gt;(HomePageMitra_PageFactory_Annotation.java:15)
	at HomePageMitra_PageFactory_Annotation.&lt;init&gt;(HomePageMitra_PageFactory_Annotation.java:15)
	at HomePageMitra_PageFactory_Annotation.&lt;init&gt;(HomePageMitra_PageFactory_Annotation.java:15)
	at HomePageMitra_PageFactory_Annotation.&lt;init&gt;(HomePageMitra_PageFactory_Annotation.java:15)
	at HomePageMitra_PageFactory_Annotation.&lt;init&gt;(HomePageMitra_PageFactory_Annotation.java:15)
	at HomePageMitra_PageFactory_Annotation.&lt;init&gt;(HomePageMitra_PageFactory_Annotation.java:15)
	at HomePageMitra_PageFactory_Annotation.&lt;init&gt;(HomePageMitra_PageFactory_Annotation.java:15)
	at HomePageMitra_PageFactory_Annotation.&lt;init&gt;(HomePageMitra_PageFactory_Annotation.java:15)
	at HomePageMitra_PageFactory_Annotation.&lt;init&gt;(HomePageMitra_PageFactory_Annotation.java:15)
	at HomePageMitra_PageFactory_Annotation.&lt;init&gt;(HomePageMitra_PageFactory_Annotation.java:15)
	at HomePageMitra_PageFactory_Annotation.&lt;init&gt;(HomePageMitra_PageFactory_Annotation.java:15)
	at HomePageMitra_PageFactory_Annotation.&lt;init&gt;(HomePageMitra_PageFactory_Annotation.java:15)
	at HomePageMitra_PageFactory_Annotation.&lt;init&gt;(HomePageMitra_PageFactory_Annotation.java:15)
	at HomePageMitra_PageFactory_Annotation.&lt;init&gt;(HomePageMitra_PageFactory_Annotation.java:15)
	at HomePageMitra_PageFactory_Annotation.&lt;init&gt;(HomePageMitra_PageFactory_Annotation.java:15)
	at HomePageMitra_PageFactory_Annotation.&lt;init&gt;(HomePageMitra_PageFactory_Annotation.java:15)
	at HomePageMitra_PageFactory_Annotation.&lt;init&gt;(HomePageMitra_PageFactory_Annotation.java:15)
	at HomePageMitra_PageFactory_Annotation.&lt;init&gt;(HomePageMitra_PageFactory_Annotation.java:15)
	at HomePageMitra_PageFactory_Annotation.&lt;init&gt;(HomePageMitra_PageFactory_Annotation.java:15)
	at HomePageMitra_PageFactory_Annotation.&lt;init&gt;(HomePageMitra_PageFactory_Annotation.java:15)
	at HomePageMitra_PageFactory_Annotation.&lt;init&gt;(HomePageMitra_PageFactory_Annotation.java:15)
	at HomePageMitra_PageFactory_Annotation.&lt;init&gt;(HomePageMitra_PageFactory_Annotation.java:15)
	at HomePageMitra_PageFactory_Annotation.&lt;init&gt;(HomePageMitra_PageFactory_Annotation.java:15)
	at HomePageMitra_PageFactory_Annotation.&lt;init&gt;(HomePageMitra_PageFactory_Annotation.java:15)
	at HomePageMitra_PageFactory_Annotation.&lt;init&gt;(HomePageMitra_PageFactory_Annotation.java:15)
	at HomePageMitra_PageFactory_Annotation.&lt;init&gt;(HomePageMitra_PageFactory_Annotation.java:15)
	at HomePageMitra_PageFactory_Annotation.&lt;init&gt;(HomePageMitra_PageFactory_Annotation.java:15)
	at HomePageMitra_PageFactory_Annotation.&lt;init&gt;(HomePageMitra_PageFactory_Annotation.java:15)
	at HomePageMitra_PageFactory_Annotation.&lt;init&gt;(HomePageMitra_PageFactory_Annotation.java:15)
	at HomePageMitra_PageFactory_Annotation.&lt;init&gt;(HomePageMitra_PageFactory_Annotation.java:15)
	at HomePageMitra_PageFactory_Annotation.&lt;init&gt;(HomePageMitra_PageFactory_Annotation.java:15)
	at HomePageMitra_PageFactory_Annotation.&lt;init&gt;(HomePageMitra_PageFactory_Annotation.java:15)
	at HomePageMitra_PageFactory_Annotation.&lt;init&gt;(HomePageMitra_PageFactory_Annotation.java:15)
	at HomePageMitra_PageFactory_Annotation.&lt;init&gt;(HomePageMitra_PageFactory_Annotation.java:15)
	at HomePageMitra_PageFactory_Annotation.&lt;init&gt;(HomePageMitra_PageFactory_Annotation.java:15)
	at HomePageMitra_PageFactory_Annotation.&lt;init&gt;(HomePageMitra_PageFactory_Annotation.java:15)
	at HomePageMitra_PageFactory_Annotation.&lt;init&gt;(HomePageMitra_PageFactory_Annotation.java:15)
	at HomePageMitra_PageFactory_Annotation.&lt;init&gt;(HomePageMitra_PageFactory_Annotation.java:15)
	at HomePageMitra_PageFactory_Annotation.&lt;init&gt;(HomePageMitra_PageFactory_Annotation.java:15)
	at HomePageMitra_PageFactory_Annotation.&lt;init&gt;(HomePageMitra_PageFactory_Annotation.java:15)
	at HomePageMitra_PageFactory_Annotation.&lt;init&gt;(HomePageMitra_PageFactory_Annotation.java:15)
	at HomePageMitra_PageFactory_Annotation.&lt;init&gt;(HomePageMitra_PageFactory_Annotation.java:15)
	at HomePageMitra_PageFactory_Annotation.&lt;init&gt;(HomePageMitra_PageFactory_Annotation.java:15)
	at HomePageMitra_PageFactory_Annotation.&lt;init&gt;(HomePageMitra_PageFactory_Annotation.java:15)
	at HomePageMitra_PageFactory_Annotation.&lt;init&gt;(HomePageMitra_PageFactory_Annotation.java:15)
	at HomePageMitra_PageFactory_Annotation.&lt;init&gt;(HomePageMitra_PageFactory_Annotation.java:15)
	at HomePageMitra_PageFactory_Annotation.&lt;init&gt;(HomePageMitra_PageFactory_Annotation.java:15)
	at HomePageMitra_PageFactory_Annotation.&lt;init&gt;(HomePageMitra_PageFactory_Annotation.java:15)
	at HomePageMitra_PageFactory_Annotation.&lt;init&gt;(HomePageMitra_PageFactory_Annotation.java:15)
	at HomePageMitra_PageFactory_Annotation.&lt;init&gt;(HomePageMitra_PageFactory_Annotation.java:15)
	at HomePageMitra_PageFactory_Annotation.&lt;init&gt;(HomePageMitra_PageFactory_Annotation.java:15)
	at HomePageMitra_PageFactory_Annotation.&lt;init&gt;(HomePageMitra_PageFactory_Annotation.java:15)
	at HomePageMitra_PageFactory_Annotation.&lt;init&gt;(HomePageMitra_PageFactory_Annotation.java:15)
	at HomePageMitra_PageFactory_Annotation.&lt;init&gt;(HomePageMitra_PageFactory_Annotation.java:15)
	at HomePageMitra_PageFactory_Annotation.&lt;init&gt;(HomePageMitra_PageFactory_Annotation.java:15)
	at HomePageMitra_PageFactory_Annotation.&lt;init&gt;(HomePageMitra_PageFactory_Annotation.java:15)
	at HomePageMitra_PageFactory_Annotation.&lt;init&gt;(HomePageMitra_PageFactory_Annotation.java:15)
	at HomePageMitra_PageFactory_Annotation.&lt;init&gt;(HomePageMitra_PageFactory_Annotation.java:15)
	at HomePageMitra_PageFactory_Annotation.&lt;init&gt;(HomePageMitra_PageFactory_Annotation.java:15)
	at HomePageMitra_PageFactory_Annotation.&lt;init&gt;(HomePageMitra_PageFactory_Annotation.java:15)
	at HomePageMitra_PageFactory_Annotation.&lt;init&gt;(HomePageMitra_PageFactory_Annotation.java:15)
	at HomePageMitra_PageFactory_Annotation.&lt;init&gt;(HomePageMitra_PageFactory_Annotation.java:15)
	at HomePageMitra_PageFactory_Annotation.&lt;init&gt;(HomePageMitra_PageFactory_Annotation.java:15)
	at HomePageMitra_PageFactory_Annotation.&lt;init&gt;(HomePageMitra_PageFactory_Annotation.java:15)
	at HomePageMitra_PageFactory_Annotation.&lt;init&gt;(HomePageMitra_PageFactory_Annotation.java:15)
	at HomePageMitra_PageFactory_Annotation.&lt;init&gt;(HomePageMitra_PageFactory_Annotation.java:15)
	at HomePageMitra_PageFactory_Annotation.&lt;init&gt;(HomePageMitra_PageFactory_Annotation.java:15)
	at HomePageMitra_PageFactory_Annotation.&lt;init&gt;(HomePageMitra_PageFactory_Annotation.java:15)
	at HomePageMitra_PageFactory_Annotation.&lt;init&gt;(HomePageMitra_PageFactory_Annotation.java:15)
	at HomePageMitra_PageFactory_Annotation.&lt;init&gt;(HomePageMitra_PageFactory_Annotation.java:15)
	at HomePageMitra_PageFactory_Annotation.&lt;init&gt;(HomePageMitra_PageFactory_Annotation.java:15)
	at HomePageMitra_PageFactory_Annotation.&lt;init&gt;(HomePageMitra_PageFactory_Annotation.java:15)
	at HomePageMitra_PageFactory_Annotation.&lt;init&gt;(HomePageMitra_PageFactory_Annotation.java:15)
	at HomePageMitra_PageFactory_Annotation.&lt;init&gt;(HomePageMitra_PageFactory_Annotation.java:15)
	at HomePageMitra_PageFactory_Annotation.&lt;init&gt;(HomePageMitra_PageFactory_Annotation.java:15)
	at HomePageMitra_PageFactory_Annotation.&lt;init&gt;(HomePageMitra_PageFactory_Annotation.java:15)
	at HomePageMitra_PageFactory_Annotation.&lt;init&gt;(HomePageMitra_PageFactory_Annotation.java:15)
	at HomePageMitra_PageFactory_Annotation.&lt;init&gt;(HomePageMitra_PageFactory_Annotation.java:15)
	at HomePageMitra_PageFactory_Annotation.&lt;init&gt;(HomePageMitra_PageFactory_Annotation.java:15)
	at HomePageMitra_PageFactory_Annotation.&lt;init&gt;(HomePageMitra_PageFactory_Annotation.java:15)
	at HomePageMitra_PageFactory_Annotation.&lt;init&gt;(HomePageMitra_PageFactory_Annotation.java:15)
	at HomePageMitra_PageFactory_Annotation.&lt;init&gt;(HomePageMitra_PageFactory_Annotation.java:15)
	at HomePageMitra_PageFactory_Annotation.&lt;init&gt;(HomePageMitra_PageFactory_Annotation.java:15)
	at HomePageMitra_PageFactory_Annotation.&lt;init&gt;(HomePageMitra_PageFactory_Annotation.java:15)
	at HomePageMitra_PageFactory_Annotation.&lt;init&gt;(HomePageMitra_PageFactory_Annotation.java:15)
	at HomePageMitra_PageFactory_Annotation.&lt;init&gt;(HomePageMitra_PageFactory_Annotation.java:15)
	at HomePageMitra_PageFactory_Annotation.&lt;init&gt;(HomePageMitra_PageFactory_Annotation.java:15)
	at HomePageMitra_PageFactory_Annotation.&lt;init&gt;(HomePageMitra_PageFactory_Annotation.java:15)
	at HomePageMitra_PageFactory_Annotation.&lt;init&gt;(HomePageMitra_PageFactory_Annotation.java:15)
	at HomePageMitra_PageFactory_Annotation.&lt;init&gt;(HomePageMitra_PageFactory_Annotation.java:15)
	at HomePageMitra_PageFactory_Annotation.&lt;init&gt;(HomePageMitra_PageFactory_Annotation.java:15)
	at HomePageMitra_PageFactory_Annotation.&lt;init&gt;(HomePageMitra_PageFactory_Annotation.java:15)
	at HomePageMitra_PageFactory_Annotation.&lt;init&gt;(HomePageMitra_PageFactory_Annotation.java:15)
	at HomePageMitra_PageFactory_Annotation.&lt;init&gt;(HomePageMitra_PageFactory_Annotation.java:15)
	at HomePageMitra_PageFactory_Annotation.&lt;init&gt;(HomePageMitra_PageFactory_Annotation.java:15)
	at HomePageMitra_PageFactory_Annotation.&lt;init&gt;(HomePageMitra_PageFactory_Annotation.java:15)
	at HomePageMitra_PageFactory_Annotation.&lt;init&gt;(HomePageMitra_PageFactory_Annotation.java:15)
	at HomePageMitra_PageFactory_Annotation.&lt;init&gt;(HomePageMitra_PageFactory_Annotation.java:15)
	at HomePageMitra_PageFactory_Annotation.&lt;init&gt;(HomePageMitra_PageFactory_Annotation.java:15)
	at HomePageMitra_PageFactory_Annotation.&lt;init&gt;(HomePageMitra_PageFactory_Annotation.java:15)
	at HomePageMitra_PageFactory_Annotation.&lt;init&gt;(HomePageMitra_PageFactory_Annotation.java:15)
	at HomePageMitra_PageFactory_Annotation.&lt;init&gt;(HomePageMitra_PageFactory_Annotation.java:15)
	at HomePageMitra_PageFactory_Annotation.&lt;init&gt;(HomePageMitra_PageFactory_Annotation.java:15)
	at HomePageMitra_PageFactory_Annotation.&lt;init&gt;(HomePageMitra_PageFactory_Annotation.java:15)
	at HomePageMitra_PageFactory_Annotation.&lt;init&gt;(HomePageMitra_PageFactory_Annotation.java:15)
	at HomePageMitra_PageFactory_Annotation.&lt;init&gt;(HomePageMitra_PageFactory_Annotation.java:15)
	at HomePageMitra_PageFactory_Annotation.&lt;init&gt;(HomePageMitra_PageFactory_Annotation.java:15)
	at HomePageMitra_PageFactory_Annotation.&lt;init&gt;(HomePageMitra_PageFactory_Annotation.java:15)
	at HomePageMitra_PageFactory_Annotation.&lt;init&gt;(HomePageMitra_PageFactory_Annotation.java:15)
	at HomePageMitra_PageFactory_Annotation.&lt;init&gt;(HomePageMitra_PageFactory_Annotation.java:15)
	at HomePageMitra_PageFactory_Annotation.&lt;init&gt;(HomePageMitra_PageFactory_Annotation.java:15)
	at HomePageMitra_PageFactory_Annotation.&lt;init&gt;(HomePageMitra_PageFactory_Annotation.java:15)
	at HomePageMitra_PageFactory_Annotation.&lt;init&gt;(HomePageMitra_PageFactory_Annotation.java:15)
	at HomePageMitra_PageFactory_Annotation.&lt;init&gt;(HomePageMitra_PageFactory_Annotation.java:15)
	at HomePageMitra_PageFactory_Annotation.&lt;init&gt;(HomePageMitra_PageFactory_Annotation.java:15)
	at HomePageMitra_PageFactory_Annotation.&lt;init&gt;(HomePageMitra_PageFactory_Annotation.java:15)
	at HomePageMitra_PageFactory_Annotation.&lt;init&gt;(HomePageMitra_PageFactory_Annotation.java:15)
	at HomePageMitra_PageFactory_Annotation.&lt;init&gt;(HomePageMitra_PageFactory_Annotation.java:15)
	at HomePageMitra_PageFactory_Annotation.&lt;init&gt;(HomePageMitra_PageFactory_Annotation.java:15)
	at HomePageMitra_PageFactory_Annotation.&lt;init&gt;(HomePageMitra_PageFactory_Annotation.java:15)
	at HomePageMitra_PageFactory_Annotation.&lt;init&gt;(HomePageMitra_PageFactory_Annotation.java:15)
	at HomePageMitra_PageFactory_Annotation.&lt;init&gt;(HomePageMitra_PageFactory_Annotation.java:15)
	at HomePageMitra_PageFactory_Annotation.&lt;init&gt;(HomePageMitra_PageFactory_Annotation.java:15)
	at HomePageMitra_PageFactory_Annotation.&lt;init&gt;(HomePageMitra_PageFactory_Annotation.java:15)
	at HomePageMitra_PageFactory_Annotation.&lt;init&gt;(HomePageMitra_PageFactory_Annotation.java:15)
	at HomePageMitra_PageFactory_Annotation.&lt;init&gt;(HomePageMitra_PageFactory_Annotation.java:15)
	at HomePageMitra_PageFactory_Annotation.&lt;init&gt;(HomePageMitra_PageFactory_Annotation.java:15)
	at HomePageMitra_PageFactory_Annotation.&lt;init&gt;(HomePageMitra_PageFactory_Annotation.java:15)
	at HomePageMitra_PageFactory_Annotation.&lt;init&gt;(HomePageMitra_PageFactory_Annotation.java:15)
	at HomePageMitra_PageFactory_Annotation.&lt;init&gt;(HomePageMitra_PageFactory_Annotation.java:15)
	at HomePageMitra_PageFactory_Annotation.&lt;init&gt;(HomePageMitra_PageFactory_Annotation.java:15)
	at HomePageMitra_PageFactory_Annotation.&lt;init&gt;(HomePageMitra_PageFactory_Annotation.java:15)
	at HomePageMitra_PageFactory_Annotation.&lt;init&gt;(HomePageMitra_PageFactory_Annotation.java:15)
	at HomePageMitra_PageFactory_Annotation.&lt;init&gt;(HomePageMitra_PageFactory_Annotation.java:15)
	at HomePageMitra_PageFactory_Annotation.&lt;init&gt;(HomePageMitra_PageFactory_Annotation.java:15)
	at HomePageMitra_PageFactory_Annotation.&lt;init&gt;(HomePageMitra_PageFactory_Annotation.java:15)
	at HomePageMitra_PageFactory_Annotation.&lt;init&gt;(HomePageMitra_PageFactory_Annotation.java:15)
	at HomePageMitra_PageFactory_Annotation.&lt;init&gt;(HomePageMitra_PageFactory_Annotation.java:15)
	at HomePageMitra_PageFactory_Annotation.&lt;init&gt;(HomePageMitra_PageFactory_Annotation.java:15)
	at HomePageMitra_PageFactory_Annotation.&lt;init&gt;(HomePageMitra_PageFactory_Annotation.java:15)
	at HomePageMitra_PageFactory_Annotation.&lt;init&gt;(HomePageMitra_PageFactory_Annotation.java:15)
	at HomePageMitra_PageFactory_Annotation.&lt;init&gt;(HomePageMitra_PageFactory_Annotation.java:15)
	at HomePageMitra_PageFactory_Annotation.&lt;init&gt;(HomePageMitra_PageFactory_Annotation.java:15)
	at HomePageMitra_PageFactory_Annotation.&lt;init&gt;(HomePageMitra_PageFactory_Annotation.java:15)
	at HomePageMitra_PageFactory_Annotation.&lt;init&gt;(HomePageMitra_PageFactory_Annotation.java:15)
	at HomePageMitra_PageFactory_Annotation.&lt;init&gt;(HomePageMitra_PageFactory_Annotation.java:15)
	at HomePageMitra_PageFactory_Annotation.&lt;init&gt;(HomePageMitra_PageFactory_Annotation.java:15)
	at HomePageMitra_PageFactory_Annotation.&lt;init&gt;(HomePageMitra_PageFactory_Annotation.java:15)
	at HomePageMitra_PageFactory_Annotation.&lt;init&gt;(HomePageMitra_PageFactory_Annotation.java:15)
	at HomePageMitra_PageFactory_Annotation.&lt;init&gt;(HomePageMitra_PageFactory_Annotation.java:15)
	at HomePageMitra_PageFactory_Annotation.&lt;init&gt;(HomePageMitra_PageFactory_Annotation.java:15)
	at HomePageMitra_PageFactory_Annotation.&lt;init&gt;(HomePageMitra_PageFactory_Annotation.java:15)
	at HomePageMitra_PageFactory_Annotation.&lt;init&gt;(HomePageMitra_PageFactory_Annotation.java:15)
	at HomePageMitra_PageFactory_Annotation.&lt;init&gt;(HomePageMitra_PageFactory_Annotation.java:15)
	at HomePageMitra_PageFactory_Annotation.&lt;init&gt;(HomePageMitra_PageFactory_Annotation.java:15)
	at HomePageMitra_PageFactory_Annotation.&lt;init&gt;(HomePageMitra_PageFactory_Annotation.java:15)
	at HomePageMitra_PageFactory_Annotation.&lt;init&gt;(HomePageMitra_PageFactory_Annotation.java:15)
	at HomePageMitra_PageFactory_Annotation.&lt;init&gt;(HomePageMitra_PageFactory_Annotation.java:15)
	at HomePageMitra_PageFactory_Annotation.&lt;init&gt;(HomePageMitra_PageFactory_Annotation.java:15)
	at HomePageMitra_PageFactory_Annotation.&lt;init&gt;(HomePageMitra_PageFactory_Annotation.java:15)
	at HomePageMitra_PageFactory_Annotation.&lt;init&gt;(HomePageMitra_PageFactory_Annotation.java:15)
	at HomePageMitra_PageFactory_Annotation.&lt;init&gt;(HomePageMitra_PageFactory_Annotation.java:15)
	at HomePageMitra_PageFactory_Annotation.&lt;init&gt;(HomePageMitra_PageFactory_Annotation.java:15)
	at HomePageMitra_PageFactory_Annotation.&lt;init&gt;(HomePageMitra_PageFactory_Annotation.java:15)
	at HomePageMitra_PageFactory_Annotation.&lt;init&gt;(HomePageMitra_PageFactory_Annotation.java:15)
	at HomePageMitra_PageFactory_Annotation.&lt;init&gt;(HomePageMitra_PageFactory_Annotation.java:15)
	at HomePageMitra_PageFactory_Annotation.&lt;init&gt;(HomePageMitra_PageFactory_Annotation.java:15)
	at HomePageMitra_PageFactory_Annotation.&lt;init&gt;(HomePageMitra_PageFactory_Annotation.java:15)
	at HomePageMitra_PageFactory_Annotation.&lt;init&gt;(HomePageMitra_PageFactory_Annotation.java:15)
	at HomePageMitra_PageFactory_Annotation.&lt;init&gt;(HomePageMitra_PageFactory_Annotation.java:15)
	at HomePageMitra_PageFactory_Annotation.&lt;init&gt;(HomePageMitra_PageFactory_Annotation.java:15)
	at HomePageMitra_PageFactory_Annotation.&lt;init&gt;(HomePageMitra_PageFactory_Annotation.java:15)
	at HomePageMitra_PageFactory_Annotation.&lt;init&gt;(HomePageMitra_PageFactory_Annotation.java:15)
	at HomePageMitra_PageFactory_Annotation.&lt;init&gt;(HomePageMitra_PageFactory_Annotation.java:15)
	at HomePageMitra_PageFactory_Annotation.&lt;init&gt;(HomePageMitra_PageFactory_Annotation.java:15)
	at HomePageMitra_PageFactory_Annotation.&lt;init&gt;(HomePageMitra_PageFactory_Annotation.java:15)
	at HomePageMitra_PageFactory_Annotation.&lt;init&gt;(HomePageMitra_PageFactory_Annotation.java:15)
	at HomePageMitra_PageFactory_Annotation.&lt;init&gt;(HomePageMitra_PageFactory_Annotation.java:15)
	at HomePageMitra_PageFactory_Annotation.&lt;init&gt;(HomePageMitra_PageFactory_Annotation.java:15)
	at HomePageMitra_PageFactory_Annotation.&lt;init&gt;(HomePageMitra_PageFactory_Annotation.java:15)
	at HomePageMitra_PageFactory_Annotation.&lt;init&gt;(HomePageMitra_PageFactory_Annotation.java:15)
	at HomePageMitra_PageFactory_Annotation.&lt;init&gt;(HomePageMitra_PageFactory_Annotation.java:15)
	at HomePageMitra_PageFactory_Annotation.&lt;init&gt;(HomePageMitra_PageFactory_Annotation.java:15)
	at HomePageMitra_PageFactory_Annotation.&lt;init&gt;(HomePageMitra_PageFactory_Annotation.java:15)
	at HomePageMitra_PageFactory_Annotation.&lt;init&gt;(HomePageMitra_PageFactory_Annotation.java:15)
	at HomePageMitra_PageFactory_Annotation.&lt;init&gt;(HomePageMitra_PageFactory_Annotation.java:15)
	at HomePageMitra_PageFactory_Annotation.&lt;init&gt;(HomePageMitra_PageFactory_Annotation.java:15)
	at HomePageMitra_PageFactory_Annotation.&lt;init&gt;(HomePageMitra_PageFactory_Annotation.java:15)
	at HomePageMitra_PageFactory_Annotation.&lt;init&gt;(HomePageMitra_PageFactory_Annotation.java:15)
	at HomePageMitra_PageFactory_Annotation.&lt;init&gt;(HomePageMitra_PageFactory_Annotation.java:15)
	at HomePageMitra_PageFactory_Annotation.&lt;init&gt;(HomePageMitra_PageFactory_Annotation.java:15)
	at HomePageMitra_PageFactory_Annotation.&lt;init&gt;(HomePageMitra_PageFactory_Annotation.java:15)
	at HomePageMitra_PageFactory_Annotation.&lt;init&gt;(HomePageMitra_PageFactory_Annotation.java:15)
	at HomePageMitra_PageFactory_Annotation.&lt;init&gt;(HomePageMitra_PageFactory_Annotation.java:15)
	at HomePageMitra_PageFactory_Annotation.&lt;init&gt;(HomePageMitra_PageFactory_Annotation.java:15)
	at HomePageMitra_PageFactory_Annotation.&lt;init&gt;(HomePageMitra_PageFactory_Annotation.java:15)
	at HomePageMitra_PageFactory_Annotation.&lt;init&gt;(HomePageMitra_PageFactory_Annotation.java:15)
	at HomePageMitra_PageFactory_Annotation.&lt;init&gt;(HomePageMitra_PageFactory_Annotation.java:15)
	at HomePageMitra_PageFactory_Annotation.&lt;init&gt;(HomePageMitra_PageFactory_Annotation.java:15)
	at HomePageMitra_PageFactory_Annotation.&lt;init&gt;(HomePageMitra_PageFactory_Annotation.java:15)
	at HomePageMitra_PageFactory_Annotation.&lt;init&gt;(HomePageMitra_PageFactory_Annotation.java:15)
	at HomePageMitra_PageFactory_Annotation.&lt;init&gt;(HomePageMitra_PageFactory_Annotation.java:15)
	at HomePageMitra_PageFactory_Annotation.&lt;init&gt;(HomePageMitra_PageFactory_Annotation.java:15)
	at HomePageMitra_PageFactory_Annotation.&lt;init&gt;(HomePageMitra_PageFactory_Annotation.java:15)
	at HomePageMitra_PageFactory_Annotation.&lt;init&gt;(HomePageMitra_PageFactory_Annotation.java:15)
	at HomePageMitra_PageFactory_Annotation.&lt;init&gt;(HomePageMitra_PageFactory_Annotation.java:15)
	at HomePageMitra_PageFactory_Annotation.&lt;init&gt;(HomePageMitra_PageFactory_Annotation.java:15)
	at HomePageMitra_PageFactory_Annotation.&lt;init&gt;(HomePageMitra_PageFactory_Annotation.java:15)
	at HomePageMitra_PageFactory_Annotation.&lt;init&gt;(HomePageMitra_PageFactory_Annotation.java:15)
	at HomePageMitra_PageFactory_Annotation.&lt;init&gt;(HomePageMitra_PageFactory_Annotation.java:15)
	at HomePageMitra_PageFactory_Annotation.&lt;init&gt;(HomePageMitra_PageFactory_Annotation.java:15)
	at HomePageMitra_PageFactory_Annotation.&lt;init&gt;(HomePageMitra_PageFactory_Annotation.java:15)
	at HomePageMitra_PageFactory_Annotation.&lt;init&gt;(HomePageMitra_PageFactory_Annotation.java:15)
	at HomePageMitra_PageFactory_Annotation.&lt;init&gt;(HomePageMitra_PageFactory_Annotation.java:15)
	at HomePageMitra_PageFactory_Annotation.&lt;init&gt;(HomePageMitra_PageFactory_Annotation.java:15)
	at HomePageMitra_PageFactory_Annotation.&lt;init&gt;(HomePageMitra_PageFactory_Annotation.java:15)
	at HomePageMitra_PageFactory_Annotation.&lt;init&gt;(HomePageMitra_PageFactory_Annotation.java:15)
	at HomePageMitra_PageFactory_Annotation.&lt;init&gt;(HomePageMitra_PageFactory_Annotation.java:15)
	at HomePageMitra_PageFactory_Annotation.&lt;init&gt;(HomePageMitra_PageFactory_Annotation.java:15)
	at HomePageMitra_PageFactory_Annotation.&lt;init&gt;(HomePageMitra_PageFactory_Annotation.java:15)
	at HomePageMitra_PageFactory_Annotation.&lt;init&gt;(HomePageMitra_PageFactory_Annotation.java:15)
	at HomePageMitra_PageFactory_Annotation.&lt;init&gt;(HomePageMitra_PageFactory_Annotation.java:15)
	at HomePageMitra_PageFactory_Annotation.&lt;init&gt;(HomePageMitra_PageFactory_Annotation.java:15)
	at HomePageMitra_PageFactory_Annotation.&lt;init&gt;(HomePageMitra_PageFactory_Annotation.java:15)
	at HomePageMitra_PageFactory_Annotation.&lt;init&gt;(HomePageMitra_PageFactory_Annotation.java:15)
	at HomePageMitra_PageFactory_Annotation.&lt;init&gt;(HomePageMitra_PageFactory_Annotation.java:15)
	at HomePageMitra_PageFactory_Annotation.&lt;init&gt;(HomePageMitra_PageFactory_Annotation.java:15)
	at HomePageMitra_PageFactory_Annotation.&lt;init&gt;(HomePageMitra_PageFactory_Annotation.java:15)
	at HomePageMitra_PageFactory_Annotation.&lt;init&gt;(HomePageMitra_PageFactory_Annotation.java:15)
	at HomePageMitra_PageFactory_Annotation.&lt;init&gt;(HomePageMitra_PageFactory_Annotation.java:15)
	at HomePageMitra_PageFactory_Annotation.&lt;init&gt;(HomePageMitra_PageFactory_Annotation.java:15)
	at HomePageMitra_PageFactory_Annotation.&lt;init&gt;(HomePageMitra_PageFactory_Annotation.java:15)
	at HomePageMitra_PageFactory_Annotation.&lt;init&gt;(HomePageMitra_PageFactory_Annotation.java:15)
	at HomePageMitra_PageFactory_Annotation.&lt;init&gt;(HomePageMitra_PageFactory_Annotation.java:15)
	at HomePageMitra_PageFactory_Annotation.&lt;init&gt;(HomePageMitra_PageFactory_Annotation.java:15)
	at HomePageMitra_PageFactory_Annotation.&lt;init&gt;(HomePageMitra_PageFactory_Annotation.java:15)
	at HomePageMitra_PageFactory_Annotation.&lt;init&gt;(HomePageMitra_PageFactory_Annotation.java:15)
	at HomePageMitra_PageFactory_Annotation.&lt;init&gt;(HomePageMitra_PageFactory_Annotation.java:15)
	at HomePageMitra_PageFactory_Annotation.&lt;init&gt;(HomePageMitra_PageFactory_Annotation.java:15)
	at HomePageMitra_PageFactory_Annotation.&lt;init&gt;(HomePageMitra_PageFactory_Annotation.java:15)
	at HomePageMitra_PageFactory_Annotation.&lt;init&gt;(HomePageMitra_PageFactory_Annotation.java:15)
	at HomePageMitra_PageFactory_Annotation.&lt;init&gt;(HomePageMitra_PageFactory_Annotation.java:15)
	at HomePageMitra_PageFactory_Annotation.&lt;init&gt;(HomePageMitra_PageFactory_Annotation.java:15)
	at HomePageMitra_PageFactory_Annotation.&lt;init&gt;(HomePageMitra_PageFactory_Annotation.java:15)
[...]
	at HomePageMitra_PageFactory_Annotation.&lt;init&gt;(HomePageMitra_PageFactory_Annotation.java:15)
	at HomePageMitra_PageFactory_Annotation.&lt;init&gt;(HomePageMitra_PageFactory_Annotation.java:15)
	at HomePageMitra_PageFactory_Annotation.&lt;init&gt;(HomePageMitra_PageFactory_Annotation.java:15)
	at HomePageMitra_PageFactory_Annotation.&lt;init&gt;(HomePageMitra_PageFactory_Annotation.java:15)
	at HomePageMitra_PageFactory_Annotation.&lt;init&gt;(HomePageMitra_PageFactory_Annotation.java:15)
	at HomePageMitra_PageFactory_Annotation.&lt;init&gt;(HomePageMitra_PageFactory_Annotation.java:15)
	at HomePageMitra_PageFactory_Annotation.&lt;init&gt;(HomePageMitra_PageFactory_Annotation.java:15)
	at HomePageMitra_PageFactory_Annotation.&lt;init&gt;(HomePageMitra_PageFactory_Annotation.java:15)
	at HomePageMitra_PageFactory_Annotation.&lt;init&gt;(HomePageMitra_PageFactory_Annotation.java:15)
	at HomePageMitra_PageFactory_Annotation.&lt;init&gt;(HomePageMitra_PageFactory_Annotation.java:15)
	at HomePageMitra_PageFactory_Annotation.&lt;init&gt;(HomePageMitra_PageFactory_Annotation.java:15)
	at HomePageMitra_PageFactory_Annotation.&lt;init&gt;(HomePageMitra_PageFactory_Annotation.java:15)
	at HomePageMitra_PageFactory_Annotation.&lt;init&gt;(HomePageMitra_PageFactory_Annotation.java:15)
	at HomePageMitra_PageFactory_Annotation.&lt;init&gt;(HomePageMitra_PageFactory_Annotation.java:15)
	at HomePageMitra_PageFactory_Annotation.&lt;init&gt;(HomePageMitra_PageFactory_Annotation.java:15)
	at HomePageMitra_PageFactory_Annotation.&lt;init&gt;(HomePageMitra_PageFactory_Annotation.java:15)
	at HomePageMitra_PageFactory_Annotation.&lt;init&gt;(HomePageMitra_PageFactory_Annotation.java:15)
	at HomePageMitra_PageFactory_Annotation.&lt;init&gt;(HomePageMitra_PageFactory_Annotation.java:15)
	at HomePageMitra_PageFactory_Annotation.&lt;init&gt;(HomePageMitra_PageFactory_Annotation.java:15)
	at HomePageMitra_PageFactory_Annotation.&lt;init&gt;(HomePageMitra_PageFactory_Annotation.java:15)
	at HomePageMitra_PageFactory_Annotation.&lt;init&gt;(HomePageMitra_PageFactory_Annotation.java:15)
	at HomePageMitra_PageFactory_Annotation.&lt;init&gt;(HomePageMitra_PageFactory_Annotation.java:15)
	at HomePageMitra_PageFactory_Annotation.&lt;init&gt;(HomePageMitra_PageFactory_Annotation.java:15)
	at HomePageMitra_PageFactory_Annotation.&lt;init&gt;(HomePageMitra_PageFactory_Annotation.java:15)
	at HomePageMitra_PageFactory_Annotation.&lt;init&gt;(HomePageMitra_PageFactory_Annotation.java:15)
	at HomePageMitra_PageFactory_Annotation.&lt;init&gt;(HomePageMitra_PageFactory_Annotation.java:15)
	at HomePageMitra_PageFactory_Annotation.&lt;init&gt;(HomePageMitra_PageFactory_Annotation.java:15)
	at HomePageMitra_PageFactory_Annotation.&lt;init&gt;(HomePageMitra_PageFactory_Annotation.java:15)
	at HomePageMitra_PageFactory_Annotation.&lt;init&gt;(HomePageMitra_PageFactory_Annotation.java:15)
	at HomePageMitra_PageFactory_Annotation.&lt;init&gt;(HomePageMitra_PageFactory_Annotation.java:15)
	at HomePageMitra_PageFactory_Annotation.&lt;init&gt;(HomePageMitra_PageFactory_Annotation.java:15)
	at HomePageMitra_PageFactory_Annotation.&lt;init&gt;(HomePageMitra_PageFactory_Annotation.java:15)
	at HomePageMitra_PageFactory_Annotation.&lt;init&gt;(HomePageMitra_PageFactory_Annotation.java:15)
	at HomePageMitra_PageFactory_Annotation.&lt;init&gt;(HomePageMitra_PageFactory_Annotation.java:15)
	at HomePageMitra_PageFactory_Annotation.&lt;init&gt;(HomePageMitra_PageFactory_Annotation.java:15)
	at HomePageMitra_PageFactory_Annotation.&lt;init&gt;(HomePageMitra_PageFactory_Annotation.java:15)
	at HomePageMitra_PageFactory_Annotation.&lt;init&gt;(HomePageMitra_PageFactory_Annotation.java:15)
	at HomePageMitra_PageFactory_Annotation.&lt;init&gt;(HomePageMitra_PageFactory_Annotation.java:15)
	at HomePageMitra_PageFactory_Annotation.&lt;init&gt;(HomePageMitra_PageFactory_Annotation.java:15)
	at HomePageMitra_PageFactory_Annotation.&lt;init&gt;(HomePageMitra_PageFactory_Annotation.java:15)
	at HomePageMitra_PageFactory_Annotation.&lt;init&gt;(HomePageMitra_PageFactory_Annotation.java:15)
	at HomePageMitra_PageFactory_Annotation.&lt;init&gt;(HomePageMitra_PageFactory_Annotation.java:15)
	at HomePageMitra_PageFactory_Annotation.&lt;init&gt;(HomePageMitra_PageFactory_Annotation.java:15)
	at HomePageMitra_PageFactory_Annotation.&lt;init&gt;(HomePageMitra_PageFactory_Annotation.java:15)
	at HomePageMitra_PageFactory_Annotation.&lt;init&gt;(HomePageMitra_PageFactory_Annotation.java:15)
	at HomePageMitra_PageFactory_Annotation.&lt;init&gt;(HomePageMitra_PageFactory_Annotation.java:15)
	at HomePageMitra_PageFactory_Annotation.&lt;init&gt;(HomePageMitra_PageFactory_Annotation.java:15)
	at HomePageMitra_PageFactory_Annotation.&lt;init&gt;(HomePageMitra_PageFactory_Annotation.java:15)
	at HomePageMitra_PageFactory_Annotation.&lt;init&gt;(HomePageMitra_PageFactory_Annotation.java:15)
	at HomePageMitra_PageFactory_Annotation.&lt;init&gt;(HomePageMitra_PageFactory_Annotation.java:15)
	at HomePageMitra_PageFactory_Annotation.&lt;init&gt;(HomePageMitra_PageFactory_Annotation.java:15)
	at HomePageMitra_PageFactory_Annotation.&lt;init&gt;(HomePageMitra_PageFactory_Annotation.java:15)
	at HomePageMitra_PageFactory_Annotation.&lt;init&gt;(HomePageMitra_PageFactory_Annotation.java:15)
	at HomePageMitra_PageFactory_Annotation.&lt;init&gt;(HomePageMitra_PageFactory_Annotation.java:15)
	at HomePageMitra_PageFactory_Annotation.&lt;init&gt;(HomePageMitra_PageFactory_Annotation.java:15)
	at HomePageMitra_PageFactory_Annotation.&lt;init&gt;(HomePageMitra_PageFactory_Annotation.java:15)
	at HomePageMitra_PageFactory_Annotation.&lt;init&gt;(HomePageMitra_PageFactory_Annotation.java:15)
	at HomePageMitra_PageFactory_Annotation.&lt;init&gt;(HomePageMitra_PageFactory_Annotation.java:15)
	at HomePageMitra_PageFactory_Annotation.&lt;init&gt;(HomePageMitra_PageFactory_Annotation.java:15)
	at HomePageMitra_PageFactory_Annotation.&lt;init&gt;(HomePageMitra_PageFactory_Annotation.java:15)
	at HomePageMitra_PageFactory_Annotation.&lt;init&gt;(HomePageMitra_PageFactory_Annotation.java:15)
	at HomePageMitra_PageFactory_Annotation.&lt;init&gt;(HomePageMitra_PageFactory_Annotation.java:15)
	at HomePageMitra_PageFactory_Annotation.&lt;init&gt;(HomePageMitra_PageFactory_Annotation.java:15)
	at HomePageMitra_PageFactory_Annotation.&lt;init&gt;(HomePageMitra_PageFactory_Annotation.java:15)
	at HomePageMitra_PageFactory_Annotation.&lt;init&gt;(HomePageMitra_PageFactory_Annotation.java:15)
	at HomePageMitra_PageFactory_Annotation.&lt;init&gt;(HomePageMitra_PageFactory_Annotation.java:15)
	at HomePageMitra_PageFactory_Annotation.&lt;init&gt;(HomePageMitra_PageFactory_Annotation.java:15)
	at HomePageMitra_PageFactory_Annotation.&lt;init&gt;(HomePageMitra_PageFactory_Annotation.java:15)
	at HomePageMitra_PageFactory_Annotation.&lt;init&gt;(HomePageMitra_PageFactory_Annotation.java:15)
	at HomePageMitra_PageFactory_Annotation.&lt;init&gt;(HomePageMitra_PageFactory_Annotation.java:15)
	at HomePageMitra_PageFactory_Annotation.&lt;init&gt;(HomePageMitra_PageFactory_Annotation.java:15)
	at HomePageMitra_PageFactory_Annotation.&lt;init&gt;(HomePageMitra_PageFactory_Annotation.java:15)
	at HomePageMitra_PageFactory_Annotation.&lt;init&gt;(HomePageMitra_PageFactory_Annotation.java:15)
	at HomePageMitra_PageFactory_Annotation.&lt;init&gt;(HomePageMitra_PageFactory_Annotation.java:15)
	at HomePageMitra_PageFactory_Annotation.&lt;init&gt;(HomePageMitra_PageFactory_Annotation.java:15)
	at HomePageMitra_PageFactory_Annotation.&lt;init&gt;(HomePageMitra_PageFactory_Annotation.java:15)
	at HomePageMitra_PageFactory_Annotation.&lt;init&gt;(HomePageMitra_PageFactory_Annotation.java:15)
	at HomePageMitra_PageFactory_Annotation.&lt;init&gt;(HomePageMitra_PageFactory_Annotation.java:15)
	at HomePageMitra_PageFactory_Annotation.&lt;init&gt;(HomePageMitra_PageFactory_Annotation.java:15)
	at HomePageMitra_PageFactory_Annotation.&lt;init&gt;(HomePageMitra_PageFactory_Annotation.java:15)
	at HomePageMitra_PageFactory_Annotation.&lt;init&gt;(HomePageMitra_PageFactory_Annotation.java:15)
	at HomePageMitra_PageFactory_Annotation.&lt;init&gt;(HomePageMitra_PageFactory_Annotation.java:15)
	at HomePageMitra_PageFactory_Annotation.&lt;init&gt;(HomePageMitra_PageFactory_Annotation.java:15)
	at HomePageMitra_PageFactory_Annotation.&lt;init&gt;(HomePageMitra_PageFactory_Annotation.java:15)
	at HomePageMitra_PageFactory_Annotation.&lt;init&gt;(HomePageMitra_PageFactory_Annotation.java:15)
	at HomePageMitra_PageFactory_Annotation.&lt;init&gt;(HomePageMitra_PageFactory_Annotation.java:15)
	at HomePageMitra_PageFactory_Annotation.&lt;init&gt;(HomePageMitra_PageFactory_Annotation.java:15)
	at HomePageMitra_PageFactory_Annotation.&lt;init&gt;(HomePageMitra_PageFactory_Annotation.java:15)
	at HomePageMitra_PageFactory_Annotation.&lt;init&gt;(HomePageMitra_PageFactory_Annotation.java:15)
	at HomePageMitra_PageFactory_Annotation.&lt;init&gt;(HomePageMitra_PageFactory_Annotation.java:15)
	at HomePageMitra_PageFactory_Annotation.&lt;init&gt;(HomePageMitra_PageFactory_Annotation.java:15)
	at HomePageMitra_PageFactory_Annotation.&lt;init&gt;(HomePageMitra_PageFactory_Annotation.java:15)
	at HomePageMitra_PageFactory_Annotation.&lt;init&gt;(HomePageMitra_PageFactory_Annotation.java:15)
	at HomePageMitra_PageFactory_Annotation.&lt;init&gt;(HomePageMitra_PageFactory_Annotation.java:15)
	at HomePageMitra_PageFactory_Annotation.&lt;init&gt;(HomePageMitra_PageFactory_Annotation.java:15)
	at HomePageMitra_PageFactory_Annotation.&lt;init&gt;(HomePageMitra_PageFactory_Annotation.java:15)
	at HomePageMitra_PageFactory_Annotation.&lt;init&gt;(HomePageMitra_PageFactory_Annotation.java:15)
	at HomePageMitra_PageFactory_Annotation.&lt;init&gt;(HomePageMitra_PageFactory_Annotation.java:15)
	at HomePageMitra_PageFactory_Annotation.&lt;init&gt;(HomePageMitra_PageFactory_Annotation.java:15)
	at HomePageMitra_PageFactory_Annotation.&lt;init&gt;(HomePageMitra_PageFactory_Annotation.java:15)
	at HomePageMitra_PageFactory_Annotation.&lt;init&gt;(HomePageMitra_PageFactory_Annotation.java:15)
	at HomePageMitra_PageFactory_Annotation.&lt;init&gt;(HomePageMitra_PageFactory_Annotation.java:15)
	at HomePageMitra_PageFactory_Annotation.&lt;init&gt;(HomePageMitra_PageFactory_Annotation.java:15)
	at HomePageMitra_PageFactory_Annotation.&lt;init&gt;(HomePageMitra_PageFactory_Annotation.java:15)
	at HomePageMitra_PageFactory_Annotation.&lt;init&gt;(HomePageMitra_PageFactory_Annotation.java:15)
	at HomePageMitra_PageFactory_Annotation.&lt;init&gt;(HomePageMitra_PageFactory_Annotation.java:15)
	at HomePageMitra_PageFactory_Annotation.&lt;init&gt;(HomePageMitra_PageFactory_Annotation.java:15)
	at HomePageMitra_PageFactory_Annotation.&lt;init&gt;(HomePageMitra_PageFactory_Annotation.java:15)
	at HomePageMitra_PageFactory_Annotation.&lt;init&gt;(HomePageMitra_PageFactory_Annotation.java:15)
	at HomePageMitra_PageFactory_Annotation.&lt;init&gt;(HomePageMitra_PageFactory_Annotation.java:15)
	at HomePageMitra_PageFactory_Annotation.&lt;init&gt;(HomePageMitra_PageFactory_Annotation.java:15)
	at HomePageMitra_PageFactory_Annotation.&lt;init&gt;(HomePageMitra_PageFactory_Annotation.java:15)
	at HomePageMitra_PageFactory_Annotation.&lt;init&gt;(HomePageMitra_PageFactory_Annotation.java:15)
	at HomePageMitra_PageFactory_Annotation.&lt;init&gt;(HomePageMitra_PageFactory_Annotation.java:15)
	at HomePageMitra_PageFactory_Annotation.&lt;init&gt;(HomePageMitra_PageFactory_Annotation.java:15)
	at HomePageMitra_PageFactory_Annotation.&lt;init&gt;(HomePageMitra_PageFactory_Annotation.java:15)
	at HomePageMitra_PageFactory_Annotation.&lt;init&gt;(HomePageMitra_PageFactory_Annotation.java:15)
	at HomePageMitra_PageFactory_Annotation.&lt;init&gt;(HomePageMitra_PageFactory_Annotation.java:15)
	at HomePageMitra_PageFactory_Annotation.&lt;init&gt;(HomePageMitra_PageFactory_Annotation.java:15)
	at HomePageMitra_PageFactory_Annotation.&lt;init&gt;(HomePageMitra_PageFactory_Annotation.java:15)
	at HomePageMitra_PageFactory_Annotation.&lt;init&gt;(HomePageMitra_PageFactory_Annotation.java:15)
	at HomePageMitra_PageFactory_Annotation.&lt;init&gt;(HomePageMitra_PageFactory_Annotation.java:15)
	at HomePageMitra_PageFactory_Annotation.&lt;init&gt;(HomePageMitra_PageFactory_Annotation.java:15)
	at HomePageMitra_PageFactory_Annotation.&lt;init&gt;(HomePageMitra_PageFactory_Annotation.java:15)
	at HomePageMitra_PageFactory_Annotation.&lt;init&gt;(HomePageMitra_PageFactory_Annotation.java:15)
	at HomePageMitra_PageFactory_Annotation.&lt;init&gt;(HomePageMitra_PageFactory_Annotation.java:15)
	at HomePageMitra_PageFactory_Annotation.&lt;init&gt;(HomePageMitra_PageFactory_Annotation.java:15)
	at HomePageMitra_PageFactory_Annotation.&lt;init&gt;(HomePageMitra_PageFactory_Annotation.java:15)
	at HomePageMitra_PageFactory_Annotation.&lt;init&gt;(HomePageMitra_PageFactory_Annotation.java:15)
	at HomePageMitra_PageFactory_Annotation.&lt;init&gt;(HomePageMitra_PageFactory_Annotation.java:15)
	at HomePageMitra_PageFactory_Annotation.&lt;init&gt;(HomePageMitra_PageFactory_Annotation.java:15)
	at HomePageMitra_PageFactory_Annotation.&lt;init&gt;(HomePageMitra_PageFactory_Annotation.java:15)
	at HomePageMitra_PageFactory_Annotation.&lt;init&gt;(HomePageMitra_PageFactory_Annotation.java:15)
	at HomePageMitra_PageFactory_Annotation.&lt;init&gt;(HomePageMitra_PageFactory_Annotation.java:15)
	at HomePageMitra_PageFactory_Annotation.&lt;init&gt;(HomePageMitra_PageFactory_Annotation.java:15)
	at HomePageMitra_PageFactory_Annotation.&lt;init&gt;(HomePageMitra_PageFactory_Annotation.java:15)
	at HomePageMitra_PageFactory_Annotation.&lt;init&gt;(HomePageMitra_PageFactory_Annotation.java:15)
	at HomePageMitra_PageFactory_Annotation.&lt;init&gt;(HomePageMitra_PageFactory_Annotation.java:15)
	at HomePageMitra_PageFactory_Annotation.&lt;init&gt;(HomePageMitra_PageFactory_Annotation.java:15)
	at HomePageMitra_PageFactory_Annotation.&lt;init&gt;(HomePageMitra_PageFactory_Annotation.java:15)
	at HomePageMitra_PageFactory_Annotation.&lt;init&gt;(HomePageMitra_PageFactory_Annotation.java:15)
	at HomePageMitra_PageFactory_Annotation.&lt;init&gt;(HomePageMitra_PageFactory_Annotation.java:15)
	at HomePageMitra_PageFactory_Annotation.&lt;init&gt;(HomePageMitra_PageFactory_Annotation.java:15)
	at HomePageMitra_PageFactory_Annotation.&lt;init&gt;(HomePageMitra_PageFactory_Annotation.java:15)
	at HomePageMitra_PageFactory_Annotation.&lt;init&gt;(HomePageMitra_PageFactory_Annotation.java:15)
	at HomePageMitra_PageFactory_Annotation.&lt;init&gt;(HomePageMitra_PageFactory_Annotation.java:15)
	at HomePageMitra_PageFactory_Annotation.&lt;init&gt;(HomePageMitra_PageFactory_Annotation.java:15)
	at HomePageMitra_PageFactory_Annotation.&lt;init&gt;(HomePageMitra_PageFactory_Annotation.java:15)
	at HomePageMitra_PageFactory_Annotation.&lt;init&gt;(HomePageMitra_PageFactory_Annotation.java:15)
	at HomePageMitra_PageFactory_Annotation.&lt;init&gt;(HomePageMitra_PageFactory_Annotation.java:15)
	at HomePageMitra_PageFactory_Annotation.&lt;init&gt;(HomePageMitra_PageFactory_Annotation.java:15)
	at HomePageMitra_PageFactory_Annotation.&lt;init&gt;(HomePageMitra_PageFactory_Annotation.java:15)
	at HomePageMitra_PageFactory_Annotation.&lt;init&gt;(HomePageMitra_PageFactory_Annotation.java:15)
	at HomePageMitra_PageFactory_Annotation.&lt;init&gt;(HomePageMitra_PageFactory_Annotation.java:15)
	at HomePageMitra_PageFactory_Annotation.&lt;init&gt;(HomePageMitra_PageFactory_Annotation.java:15)
	at HomePageMitra_PageFactory_Annotation.&lt;init&gt;(HomePageMitra_PageFactory_Annotation.java:15)
	at HomePageMitra_PageFactory_Annotation.&lt;init&gt;(HomePageMitra_PageFactory_Annotation.java:15)
	at HomePageMitra_PageFactory_Annotation.&lt;init&gt;(HomePageMitra_PageFactory_Annotation.java:15)
	at HomePageMitra_PageFactory_Annotation.&lt;init&gt;(HomePageMitra_PageFactory_Annotation.java:15)
	at HomePageMitra_PageFactory_Annotation.&lt;init&gt;(HomePageMitra_PageFactory_Annotation.java:15)
	at HomePageMitra_PageFactory_Annotation.&lt;init&gt;(HomePageMitra_PageFactory_Annotation.java:15)
	at HomePageMitra_PageFactory_Annotation.&lt;init&gt;(HomePageMitra_PageFactory_Annotation.java:15)
	at HomePageMitra_PageFactory_Annotation.&lt;init&gt;(HomePageMitra_PageFactory_Annotation.java:15)
	at HomePageMitra_PageFactory_Annotation.&lt;init&gt;(HomePageMitra_PageFactory_Annotation.java:15)
	at HomePageMitra_PageFactory_Annotation.&lt;init&gt;(HomePageMitra_PageFactory_Annotation.java:15)
	at HomePageMitra_PageFactory_Annotation.&lt;init&gt;(HomePageMitra_PageFactory_Annotation.java:15)
	at HomePageMitra_PageFactory_Annotation.&lt;init&gt;(HomePageMitra_PageFactory_Annotation.java:15)
	at HomePageMitra_PageFactory_Annotation.&lt;init&gt;(HomePageMitra_PageFactory_Annotation.java:15)
	at HomePageMitra_PageFactory_Annotation.&lt;init&gt;(HomePageMitra_PageFactory_Annotation.java:15)
	at HomePageMitra_PageFactory_Annotation.&lt;init&gt;(HomePageMitra_PageFactory_Annotation.java:15)
	at HomePageMitra_PageFactory_Annotation.&lt;init&gt;(HomePageMitra_PageFactory_Annotation.java:15)
	at HomePageMitra_PageFactory_Annotation.&lt;init&gt;(HomePageMitra_PageFactory_Annotation.java:15)
	at HomePageMitra_PageFactory_Annotation.&lt;init&gt;(HomePageMitra_PageFactory_Annotation.java:15)
	at HomePageMitra_PageFactory_Annotation.&lt;init&gt;(HomePageMitra_PageFactory_Annotation.java:15)
	at HomePageMitra_PageFactory_Annotation.&lt;init&gt;(HomePageMitra_PageFactory_Annotation.java:15)
	at HomePageMitra_PageFactory_Annotation.&lt;init&gt;(HomePageMitra_PageFactory_Annotation.java:15)
	at HomePageMitra_PageFactory_Annotation.&lt;init&gt;(HomePageMitra_PageFactory_Annotation.java:15)
	at HomePageMitra_PageFactory_Annotation.&lt;init&gt;(HomePageMitra_PageFactory_Annotation.java:15)
	at HomePageMitra_PageFactory_Annotation.&lt;init&gt;(HomePageMitra_PageFactory_Annotation.java:15)
	at HomePageMitra_PageFactory_Annotation.&lt;init&gt;(HomePageMitra_PageFactory_Annotation.java:15)
	at HomePageMitra_PageFactory_Annotation.&lt;init&gt;(HomePageMitra_PageFactory_Annotation.java:15)
	at HomePageMitra_PageFactory_Annotation.&lt;init&gt;(HomePageMitra_PageFactory_Annotation.java:15)
	at HomePageMitra_PageFactory_Annotation.&lt;init&gt;(HomePageMitra_PageFactory_Annotation.java:15)
	at HomePageMitra_PageFactory_Annotation.&lt;init&gt;(HomePageMitra_PageFactory_Annotation.java:15)
	at HomePageMitra_PageFactory_Annotation.&lt;init&gt;(HomePageMitra_PageFactory_Annotation.java:15)
	at HomePageMitra_PageFactory_Annotation.&lt;init&gt;(HomePageMitra_PageFactory_Annotation.java:15)
	at HomePageMitra_PageFactory_Annotation.&lt;init&gt;(HomePageMitra_PageFactory_Annotation.java:15)
	at HomePageMitra_PageFactory_Annotation.&lt;init&gt;(HomePageMitra_PageFactory_Annotation.java:15)
	at HomePageMitra_PageFactory_Annotation.&lt;init&gt;(HomePageMitra_PageFactory_Annotation.java:15)
	at HomePageMitra_PageFactory_Annotation.&lt;init&gt;(HomePageMitra_PageFactory_Annotation.java:15)
	at HomePageMitra_PageFactory_Annotation.&lt;init&gt;(HomePageMitra_PageFactory_Annotation.java:15)
	at HomePageMitra_PageFactory_Annotation.&lt;init&gt;(HomePageMitra_PageFactory_Annotation.java:15)
	at HomePageMitra_PageFactory_Annotation.&lt;init&gt;(HomePageMitra_PageFactory_Annotation.java:15)
	at HomePageMitra_PageFactory_Annotation.&lt;init&gt;(HomePageMitra_PageFactory_Annotation.java:15)
	at HomePageMitra_PageFactory_Annotation.&lt;init&gt;(HomePageMitra_PageFactory_Annotation.java:15)
	at HomePageMitra_PageFactory_Annotation.&lt;init&gt;(HomePageMitra_PageFactory_Annotation.java:15)
</failure>
  </testcase>
  <system-out><![CDATA[]]></system-out>
  <system-err><![CDATA[Starting ChromeDriver 70.0.3538.16 (16ed95b41bb05e565b11fb66ac33c660b721f778) on port 15232
Only local connections are allowed.
Aug 27, 2020 9:11:19 AM org.openqa.selenium.remote.ProtocolHandshake createSession
INFO: Detected dialect: OSS
]]></system-err>
</testsuite>
